{"total": {"lines":{"total":733,"covered":701,"skipped":0,"pct":95.63},"statements":{"total":949,"covered":884,"skipped":0,"pct":93.15},"functions":{"total":163,"covered":154,"skipped":0,"pct":94.48},"branches":{"total":804,"covered":666,"skipped":0,"pct":82.84}}
,"X:\\workflow\\open-projects\\github\\x-utils\\src\\index.js": {"lines":{"total":0,"covered":0,"skipped":0,"pct":100},"functions":{"total":0,"covered":0,"skipped":0,"pct":100},"statements":{"total":0,"covered":0,"skipped":0,"pct":100},"branches":{"total":0,"covered":0,"skipped":0,"pct":100}}
,"X:\\workflow\\open-projects\\github\\x-utils\\src\\x-utils.es.js": {"lines":{"total":733,"covered":701,"skipped":0,"pct":95.63},"functions":{"total":163,"covered":154,"skipped":0,"pct":94.48},"statements":{"total":949,"covered":884,"skipped":0,"pct":93.15},"branches":{"total":804,"covered":666,"skipped":0,"pct":82.84}}
}
