TN:
SF:src\index.js
FNF:0
FNH:0
LF:0
LH:0
BRF:0
BRH:0
end_of_record
TN:
SF:src\x-utils.es.js
FN:18,(anonymous_0)
FN:54,(anonymous_1)
FN:68,(anonymous_2)
FN:110,(anonymous_3)
FN:159,(anonymous_4)
FN:195,(anonymous_5)
FN:213,(anonymous_6)
FN:227,(anonymous_7)
FN:230,(anonymous_8)
FN:253,(anonymous_9)
FN:266,(anonymous_10)
FN:278,(anonymous_11)
FN:290,(anonymous_12)
FN:302,(anonymous_13)
FN:314,(anonymous_14)
FN:319,(anonymous_15)
FN:342,(anonymous_16)
FN:363,(anonymous_17)
FN:390,(anonymous_18)
FN:403,(anonymous_19)
FN:426,(anonymous_20)
FN:426,(anonymous_21)
FN:462,(anonymous_22)
FN:485,(anonymous_23)
FN:512,(anonymous_24)
FN:514,(anonymous_25)
FN:519,(anonymous_26)
FN:570,(anonymous_27)
FN:590,(anonymous_28)
FN:622,(anonymous_29)
FN:650,(anonymous_30)
FN:673,(anonymous_31)
FN:688,(anonymous_32)
FN:707,(anonymous_33)
FN:724,(anonymous_34)
FN:737,(anonymous_35)
FN:750,(anonymous_36)
FN:750,(anonymous_37)
FN:754,(anonymous_38)
FN:770,(anonymous_39)
FN:770,(anonymous_40)
FN:777,(anonymous_41)
FN:815,(anonymous_42)
FN:818,(anonymous_43)
FN:818,(anonymous_44)
FN:818,(anonymous_45)
FN:818,(anonymous_46)
FN:829,(anonymous_47)
FN:842,(anonymous_48)
FN:857,(anonymous_49)
FN:863,(anonymous_50)
FN:913,(anonymous_51)
FN:913,(anonymous_52)
FN:915,(anonymous_53)
FN:928,(anonymous_54)
FN:955,(anonymous_55)
FN:956,(anonymous_56)
FN:960,(anonymous_57)
FN:980,(anonymous_58)
FN:994,(anonymous_59)
FN:1010,(anonymous_60)
FN:1030,(anonymous_61)
FN:1044,(anonymous_62)
FN:1073,(anonymous_63)
FN:1094,(anonymous_64)
FN:1127,(anonymous_65)
FN:1159,(anonymous_66)
FN:1161,(anonymous_67)
FN:1171,(anonymous_68)
FN:1202,(anonymous_69)
FN:1213,(anonymous_70)
FN:1263,(anonymous_71)
FN:1264,(anonymous_72)
FN:1290,(anonymous_73)
FN:1321,(anonymous_74)
FN:1339,(anonymous_75)
FN:1360,(anonymous_76)
FN:1385,(anonymous_77)
FN:1407,(anonymous_78)
FN:1443,(anonymous_79)
FN:1462,(anonymous_80)
FN:1464,(anonymous_81)
FN:1488,(anonymous_82)
FN:1513,(anonymous_83)
FN:1531,(anonymous_84)
FN:1534,(anonymous_85)
FN:1538,(anonymous_86)
FN:1565,(anonymous_87)
FN:1568,(anonymous_88)
FN:1569,(anonymous_89)
FN:1590,(anonymous_90)
FN:1598,(anonymous_91)
FN:1598,(anonymous_92)
FN:1599,(anonymous_93)
FN:1599,(anonymous_94)
FN:1616,(anonymous_95)
FN:1624,(anonymous_96)
FN:1624,(anonymous_97)
FN:1625,(anonymous_98)
FN:1625,(anonymous_99)
FN:1637,(anonymous_100)
FN:1640,(anonymous_101)
FN:1652,(anonymous_102)
FN:1656,(anonymous_103)
FN:1660,(anonymous_104)
FN:1664,(anonymous_105)
FN:1667,(anonymous_106)
FN:1673,(anonymous_107)
FN:1685,(anonymous_108)
FN:1688,(anonymous_109)
FN:1710,(anonymous_110)
FN:1710,(anonymous_111)
FN:1715,(anonymous_112)
FN:1725,(anonymous_113)
FN:1739,(anonymous_114)
FN:1789,(anonymous_115)
FN:1802,(anonymous_116)
FN:1805,test
FN:1806,(anonymous_118)
FN:1828,(anonymous_119)
FN:1829,(anonymous_120)
FN:1846,(anonymous_121)
FN:1874,(anonymous_122)
FN:1898,(anonymous_123)
FN:1925,(anonymous_124)
FN:1927,(anonymous_125)
FN:1936,(anonymous_126)
FN:1936,(anonymous_127)
FN:1958,(anonymous_128)
FN:1969,(anonymous_129)
FN:1972,(anonymous_130)
FN:1981,(anonymous_131)
FN:2020,(anonymous_132)
FN:2031,(anonymous_133)
FN:2031,(anonymous_134)
FN:2040,(anonymous_135)
FN:2073,(anonymous_136)
FN:2083,(anonymous_137)
FN:2104,(anonymous_138)
FN:2104,(anonymous_139)
FN:2140,(anonymous_140)
FN:2176,(anonymous_141)
FN:2178,Dispatcher
FN:2196,(anonymous_143)
FN:2206,(anonymous_144)
FN:2218,(anonymous_145)
FN:2232,(anonymous_146)
FN:2235,(anonymous_147)
FN:2239,(anonymous_148)
FN:2282,(anonymous_149)
FN:2291,(anonymous_150)
FN:2306,(anonymous_151)
FN:2399,(anonymous_152)
FN:2399,(anonymous_153)
FN:2401,(anonymous_154)
FN:2403,(anonymous_155)
FN:2423,(anonymous_156)
FN:2425,(anonymous_157)
FN:2430,(anonymous_158)
FN:2433,(anonymous_159)
FN:2465,xrequire
FN:2467,(anonymous_161)
FN:2472,(anonymous_162)
FN:2498,(anonymous_163)
FN:2500,(anonymous_164)
FN:2517,(anonymous_165)
FN:2525,(anonymous_166)
FN:2533,(anonymous_167)
FN:2547,(anonymous_168)
FN:2556,(anonymous_169)
FNF:170
FNH:135
FNDA:1,(anonymous_0)
FNDA:2,(anonymous_1)
FNDA:0,(anonymous_2)
FNDA:0,(anonymous_3)
FNDA:8,(anonymous_4)
FNDA:16,(anonymous_5)
FNDA:4,(anonymous_6)
FNDA:5,(anonymous_7)
FNDA:5,(anonymous_8)
FNDA:2,(anonymous_9)
FNDA:2,(anonymous_10)
FNDA:2,(anonymous_11)
FNDA:2,(anonymous_12)
FNDA:2,(anonymous_13)
FNDA:2,(anonymous_14)
FNDA:1,(anonymous_15)
FNDA:2,(anonymous_16)
FNDA:2,(anonymous_17)
FNDA:801,(anonymous_18)
FNDA:662,(anonymous_19)
FNDA:0,(anonymous_20)
FNDA:0,(anonymous_21)
FNDA:6,(anonymous_22)
FNDA:284,(anonymous_23)
FNDA:50,(anonymous_24)
FNDA:50,(anonymous_25)
FNDA:115,(anonymous_26)
FNDA:32,(anonymous_27)
FNDA:11,(anonymous_28)
FNDA:11,(anonymous_29)
FNDA:71,(anonymous_30)
FNDA:37,(anonymous_31)
FNDA:38,(anonymous_32)
FNDA:20,(anonymous_33)
FNDA:3,(anonymous_34)
FNDA:3,(anonymous_35)
FNDA:0,(anonymous_36)
FNDA:0,(anonymous_37)
FNDA:0,(anonymous_38)
FNDA:0,(anonymous_39)
FNDA:0,(anonymous_40)
FNDA:0,(anonymous_41)
FNDA:9,(anonymous_42)
FNDA:30,(anonymous_43)
FNDA:0,(anonymous_44)
FNDA:0,(anonymous_45)
FNDA:0,(anonymous_46)
FNDA:4,(anonymous_47)
FNDA:2,(anonymous_48)
FNDA:39,(anonymous_49)
FNDA:9,(anonymous_50)
FNDA:2,(anonymous_51)
FNDA:0,(anonymous_52)
FNDA:2,(anonymous_53)
FNDA:2,(anonymous_54)
FNDA:2,(anonymous_55)
FNDA:2,(anonymous_56)
FNDA:0,(anonymous_57)
FNDA:2,(anonymous_58)
FNDA:86,(anonymous_59)
FNDA:0,(anonymous_60)
FNDA:7,(anonymous_61)
FNDA:61,(anonymous_62)
FNDA:24,(anonymous_63)
FNDA:48,(anonymous_64)
FNDA:286,(anonymous_65)
FNDA:1,(anonymous_66)
FNDA:13,(anonymous_67)
FNDA:2,(anonymous_68)
FNDA:0,(anonymous_69)
FNDA:0,(anonymous_70)
FNDA:0,(anonymous_71)
FNDA:0,(anonymous_72)
FNDA:38,(anonymous_73)
FNDA:0,(anonymous_74)
FNDA:9,(anonymous_75)
FNDA:45,(anonymous_76)
FNDA:20,(anonymous_77)
FNDA:73,(anonymous_78)
FNDA:70,(anonymous_79)
FNDA:0,(anonymous_80)
FNDA:0,(anonymous_81)
FNDA:0,(anonymous_82)
FNDA:2,(anonymous_83)
FNDA:0,(anonymous_84)
FNDA:0,(anonymous_85)
FNDA:0,(anonymous_86)
FNDA:4,(anonymous_87)
FNDA:4,(anonymous_88)
FNDA:4,(anonymous_89)
FNDA:5,(anonymous_90)
FNDA:6,(anonymous_91)
FNDA:18,(anonymous_92)
FNDA:0,(anonymous_93)
FNDA:0,(anonymous_94)
FNDA:6,(anonymous_95)
FNDA:3,(anonymous_96)
FNDA:9,(anonymous_97)
FNDA:5,(anonymous_98)
FNDA:6,(anonymous_99)
FNDA:3,(anonymous_100)
FNDA:13,(anonymous_101)
FNDA:3,(anonymous_102)
FNDA:10,(anonymous_103)
FNDA:6,(anonymous_104)
FNDA:6,(anonymous_105)
FNDA:1,(anonymous_106)
FNDA:10,(anonymous_107)
FNDA:4,(anonymous_108)
FNDA:16,(anonymous_109)
FNDA:3,(anonymous_110)
FNDA:0,(anonymous_111)
FNDA:3,(anonymous_112)
FNDA:15,(anonymous_113)
FNDA:15,(anonymous_114)
FNDA:2,(anonymous_115)
FNDA:3,(anonymous_116)
FNDA:8,test
FNDA:7,(anonymous_118)
FNDA:3,(anonymous_119)
FNDA:7,(anonymous_120)
FNDA:0,(anonymous_121)
FNDA:7,(anonymous_122)
FNDA:9,(anonymous_123)
FNDA:5,(anonymous_124)
FNDA:9,(anonymous_125)
FNDA:9,(anonymous_126)
FNDA:9,(anonymous_127)
FNDA:4,(anonymous_128)
FNDA:11,(anonymous_129)
FNDA:12,(anonymous_130)
FNDA:11,(anonymous_131)
FNDA:8,(anonymous_132)
FNDA:12,(anonymous_133)
FNDA:6,(anonymous_134)
FNDA:83,(anonymous_135)
FNDA:50,(anonymous_136)
FNDA:15,(anonymous_137)
FNDA:2,(anonymous_138)
FNDA:3,(anonymous_139)
FNDA:50,(anonymous_140)
FNDA:1,(anonymous_141)
FNDA:1,Dispatcher
FNDA:1,(anonymous_143)
FNDA:1,(anonymous_144)
FNDA:2,(anonymous_145)
FNDA:1,(anonymous_146)
FNDA:1,(anonymous_147)
FNDA:2,(anonymous_148)
FNDA:1,(anonymous_149)
FNDA:1,(anonymous_150)
FNDA:1,(anonymous_151)
FNDA:6,(anonymous_152)
FNDA:0,(anonymous_153)
FNDA:6,(anonymous_154)
FNDA:5,(anonymous_155)
FNDA:3,(anonymous_156)
FNDA:3,(anonymous_157)
FNDA:1,(anonymous_158)
FNDA:2,(anonymous_159)
FNDA:2,xrequire
FNDA:0,(anonymous_161)
FNDA:2,(anonymous_162)
FNDA:0,(anonymous_163)
FNDA:0,(anonymous_164)
FNDA:4,(anonymous_165)
FNDA:6,(anonymous_166)
FNDA:6,(anonymous_167)
FNDA:4,(anonymous_168)
FNDA:2,(anonymous_169)
DA:18,9
DA:19,1
DA:37,0
DA:39,0
DA:40,0
DA:42,0
DA:47,0
DA:51,0
DA:54,9
DA:55,2
DA:56,2
DA:57,0
DA:59,0
DA:68,9
DA:69,0
DA:87,0
DA:88,0
DA:89,0
DA:91,0
DA:96,0
DA:101,0
DA:110,9
DA:112,0
DA:113,0
DA:115,0
DA:116,0
DA:117,0
DA:119,0
DA:137,0
DA:139,0
DA:140,0
DA:142,0
DA:146,0
DA:150,0
DA:159,9
DA:161,8
DA:176,0
DA:178,0
DA:179,0
DA:181,0
DA:187,0
DA:195,9
DA:196,16
DA:202,0
DA:203,0
DA:207,0
DA:213,9
DA:214,4
DA:215,4
DA:216,4
DA:217,4
DA:219,0
DA:227,9
DA:229,5
DA:230,5
DA:231,5
DA:233,5
DA:234,5
DA:235,5
DA:236,5
DA:237,5
DA:239,5
DA:240,5
DA:241,5
DA:245,0
DA:253,9
DA:254,2
DA:255,1
DA:257,1
DA:266,9
DA:267,2
DA:268,1
DA:270,1
DA:278,9
DA:279,2
DA:280,1
DA:282,1
DA:290,9
DA:291,2
DA:292,1
DA:294,1
DA:302,9
DA:303,2
DA:304,1
DA:306,1
DA:314,9
DA:315,2
DA:316,1
DA:318,1
DA:319,1
DA:320,1
DA:322,1
DA:323,1
DA:324,1
DA:325,1
DA:326,1
DA:332,0
DA:333,0
DA:342,9
DA:343,2
DA:344,1
DA:345,1
DA:346,1
DA:347,1
DA:348,1
DA:349,1
DA:350,1
DA:351,1
DA:363,9
DA:364,2
DA:365,1
DA:366,1
DA:367,1
DA:368,1
DA:369,1
DA:370,1
DA:371,0
DA:372,1
DA:379,9
DA:390,801
DA:403,9
DA:404,662
DA:405,662
DA:407,0
DA:426,9
DA:427,0
DA:428,0
DA:429,0
DA:430,0
DA:431,0
DA:432,0
DA:434,0
DA:437,0
DA:438,0
DA:439,0
DA:445,0
DA:448,0
DA:462,9
DA:463,6
DA:464,5
DA:465,5
DA:466,2
DA:468,2
DA:485,9
DA:486,284
DA:487,283
DA:488,273
DA:512,9
DA:514,50
DA:515,50
DA:516,20
DA:519,50
DA:520,115
DA:523,50
DA:524,50
DA:526,50
DA:528,46
DA:530,40
DA:531,39
DA:533,35
DA:535,35
DA:537,29
DA:539,23
DA:541,21
DA:543,16
DA:545,10
DA:547,10
DA:548,10
DA:549,7
DA:552,0
DA:553,0
DA:555,0
DA:556,0
DA:570,9
DA:571,32
DA:590,9
DA:591,11
DA:592,10
DA:593,9
DA:594,7
DA:595,6
DA:596,6
DA:597,2
DA:603,4
DA:622,9
DA:623,11
DA:624,10
DA:625,9
DA:626,8
DA:628,7
DA:629,7
DA:630,2
DA:635,5
DA:650,9
DA:651,71
DA:652,63
DA:653,56
DA:654,45
DA:655,45
DA:656,1
DA:661,44
DA:673,9
DA:674,37
DA:675,33
DA:688,9
DA:689,38
DA:690,35
DA:707,9
DA:708,20
DA:709,19
DA:724,9
DA:725,3
DA:726,2
DA:737,9
DA:738,3
DA:750,9
DA:751,0
DA:752,0
DA:753,0
DA:754,0
DA:755,0
DA:756,0
DA:770,9
DA:771,0
DA:772,0
DA:773,0
DA:774,0
DA:776,0
DA:777,0
DA:778,0
DA:779,0
DA:780,0
DA:815,9
DA:820,30
DA:831,4
DA:832,4
DA:833,0
DA:834,4
DA:844,2
DA:845,2
DA:846,0
DA:847,2
DA:858,39
DA:859,39
DA:863,9
DA:864,9
DA:865,9
DA:869,9
DA:871,9
DA:873,9
DA:874,0
DA:913,9
DA:915,2
DA:916,2
DA:918,2
DA:919,0
DA:920,0
DA:924,2
DA:925,2
DA:927,2
DA:928,2
DA:929,2
DA:931,2
DA:934,0
DA:935,0
DA:937,0
DA:938,0
DA:939,0
DA:942,0
DA:945,0
DA:947,0
DA:948,0
DA:949,0
DA:952,0
DA:955,2
DA:956,2
DA:958,2
DA:959,2
DA:961,0
DA:962,0
DA:966,2
DA:967,0
DA:968,0
DA:980,9
DA:994,9
DA:995,86
DA:996,81
DA:997,81
DA:1001,80
DA:1010,9
DA:1011,0
DA:1012,0
DA:1014,0
DA:1030,9
DA:1044,9
DA:1046,61
DA:1047,61
DA:1055,2
DA:1060,59
DA:1073,9
DA:1074,24
DA:1075,24
DA:1077,4
DA:1094,9
DA:1095,48
DA:1097,47
DA:1098,47
DA:1099,10
DA:1103,10
DA:1127,9
DA:1128,286
DA:1129,286
DA:1130,275
DA:1131,274
DA:1132,234
DA:1133,127
DA:1135,119
DA:1136,119
DA:1137,119
DA:1138,19
DA:1139,19
DA:1140,19
DA:1142,0
DA:1146,0
DA:1147,0
DA:1159,9
DA:1160,1
DA:1161,13
DA:1162,1
DA:1171,9
DA:1172,2
DA:1173,2
DA:1174,4
DA:1175,4
DA:1176,4
DA:1177,4
DA:1179,2
DA:1202,9
DA:1203,0
DA:1204,0
DA:1206,0
DA:1207,0
DA:1208,0
DA:1210,0
DA:1213,0
DA:1214,0
DA:1216,0
DA:1217,0
DA:1218,0
DA:1220,0
DA:1221,0
DA:1222,0
DA:1223,0
DA:1224,0
DA:1226,0
DA:1227,0
DA:1231,0
DA:1234,0
DA:1237,0
DA:1238,0
DA:1240,0
DA:1242,0
DA:1243,0
DA:1247,0
DA:1248,0
DA:1249,0
DA:1250,0
DA:1251,0
DA:1252,0
DA:1262,0
DA:1263,0
DA:1264,0
DA:1267,0
DA:1268,0
DA:1269,0
DA:1272,0
DA:1290,9
DA:1291,38
DA:1292,38
DA:1293,38
DA:1294,34
DA:1303,9
DA:1321,9
DA:1322,0
DA:1323,0
DA:1324,0
DA:1326,0
DA:1339,9
DA:1340,9
DA:1341,9
DA:1343,0
DA:1360,9
DA:1361,45
DA:1362,45
DA:1363,33
DA:1364,30
DA:1365,29
DA:1366,29
DA:1368,0
DA:1371,1
DA:1385,9
DA:1386,20
DA:1387,16
DA:1388,15
DA:1407,9
DA:1408,73
DA:1409,8
DA:1410,65
DA:1411,61
DA:1412,59
DA:1414,55
DA:1415,49
DA:1416,42
DA:1417,42
DA:1418,33
DA:1419,9
DA:1420,9
DA:1421,9
DA:1422,4
DA:1424,0
DA:1425,0
DA:1426,0
DA:1443,9
DA:1444,70
DA:1445,70
DA:1446,62
DA:1447,56
DA:1448,54
DA:1462,9
DA:1463,0
DA:1464,0
DA:1465,0
DA:1466,0
DA:1469,0
DA:1470,0
DA:1472,0
DA:1488,9
DA:1489,0
DA:1490,0
DA:1492,0
DA:1513,9
DA:1514,2
DA:1515,2
DA:1517,0
DA:1531,9
DA:1533,0
DA:1534,0
DA:1537,0
DA:1538,0
DA:1539,0
DA:1540,0
DA:1541,0
DA:1544,0
DA:1545,0
DA:1547,0
DA:1565,9
DA:1566,4
DA:1567,4
DA:1568,4
DA:1569,4
DA:1570,4
DA:1571,4
DA:1590,9
DA:1591,5
DA:1593,4
DA:1594,2
DA:1596,2
DA:1597,2
DA:1598,18
DA:1599,0
DA:1616,9
DA:1617,6
DA:1619,5
DA:1620,3
DA:1622,3
DA:1623,3
DA:1624,9
DA:1625,6
DA:1637,9
DA:1639,3
DA:1640,13
DA:1652,9
DA:1654,3
DA:1655,2
DA:1656,1
DA:1657,10
DA:1659,10
DA:1660,1
DA:1662,6
DA:1663,5
DA:1664,6
DA:1666,9
DA:1667,1
DA:1668,1
DA:1669,1
DA:1671,8
DA:1672,6
DA:1673,10
DA:1685,9
DA:1686,4
DA:1688,4
DA:1689,16
DA:1690,16
DA:1710,9
DA:1711,3
DA:1712,3
DA:1713,0
DA:1715,3
DA:1716,3
DA:1717,3
DA:1718,3
DA:1720,3
DA:1725,3
DA:1726,15
DA:1727,15
DA:1728,15
DA:1729,0
DA:1731,0
DA:1732,0
DA:1733,0
DA:1734,0
DA:1735,0
DA:1739,3
DA:1740,15
DA:1742,15
DA:1743,1
DA:1744,1
DA:1745,1
DA:1749,14
DA:1750,14
DA:1752,14
DA:1754,14
DA:1755,11
DA:1756,11
DA:1759,3
DA:1760,3
DA:1761,0
DA:1762,0
DA:1763,3
DA:1764,3
DA:1768,0
DA:1769,0
DA:1770,0
DA:1771,0
DA:1774,0
DA:1789,9
DA:1790,2
DA:1791,2
DA:1802,9
DA:1803,3
DA:1804,3
DA:1806,8
DA:1809,3
DA:1810,3
DA:1811,3
DA:1812,0
DA:1814,0
DA:1828,9
DA:1829,3
DA:1830,7
DA:1846,9
DA:1847,0
DA:1848,0
DA:1849,0
DA:1850,0
DA:1851,0
DA:1853,0
DA:1874,9
DA:1875,7
DA:1876,7
DA:1877,7
DA:1878,6
DA:1880,5
DA:1881,30
DA:1883,30
DA:1884,5
DA:1885,5
DA:1888,25
DA:1889,8
DA:1890,8
DA:1893,17
DA:1894,4
DA:1895,4
DA:1898,13
DA:1899,13
DA:1901,5
DA:1902,5
DA:1903,5
DA:1908,5
DA:1925,9
DA:1926,5
DA:1927,4
DA:1929,9
DA:1930,5
DA:1931,2
DA:1932,4
DA:1935,4
DA:1936,9
DA:1937,4
DA:1939,0
DA:1958,9
DA:1959,4
DA:1960,4
DA:1961,4
DA:1963,0
DA:1965,4
DA:1967,4
DA:1969,2
DA:1970,11
DA:1972,8
DA:1973,12
DA:1974,12
DA:1976,8
DA:1977,3
DA:1980,2
DA:1981,11
DA:1982,2
DA:1984,0
DA:2020,9
DA:2021,8
DA:2022,8
DA:2023,8
DA:2025,0
DA:2028,8
DA:2029,8
DA:2030,6
DA:2031,12
DA:2033,6
DA:2040,6
DA:2044,83
DA:2045,12
DA:2046,5
DA:2047,4
DA:2051,82
DA:2053,20
DA:2054,11
DA:2055,11
DA:2059,75
DA:2061,75
DA:2064,9
DA:2073,6
DA:2077,50
DA:2078,85
DA:2080,85
DA:2082,10
DA:2083,10
DA:2085,15
DA:2086,15
DA:2087,13
DA:2088,6
DA:2092,10
DA:2094,10
DA:2095,5
DA:2096,5
DA:2102,80
DA:2104,3
DA:2107,2
DA:2109,2
DA:2110,1
DA:2111,1
DA:2114,78
DA:2115,3
DA:2116,3
DA:2117,75
DA:2126,57
DA:2127,9
DA:2128,9
DA:2131,18
DA:2132,1
DA:2133,1
DA:2137,50
DA:2139,6
DA:2140,6
DA:2141,50
DA:2142,50
DA:2144,6
DA:2145,0
DA:2147,0
DA:2148,0
DA:2176,9
DA:2180,1
DA:2181,1
DA:2182,1
DA:2183,1
DA:2184,1
DA:2185,1
DA:2186,1
DA:2187,1
DA:2188,1
DA:2196,1
DA:2197,1
DA:2198,1
DA:2206,1
DA:2207,1
DA:2208,1
DA:2209,1
DA:2218,1
DA:2219,2
DA:2220,2
DA:2222,1
DA:2224,2
DA:2232,1
DA:2233,1
DA:2234,1
DA:2235,1
DA:2236,1
DA:2237,1
DA:2239,1
DA:2240,2
DA:2245,2
DA:2246,1
DA:2249,1
DA:2250,1
DA:2251,1
DA:2252,1
DA:2253,1
DA:2258,1
DA:2261,1
DA:2262,1
DA:2263,0
DA:2264,0
DA:2265,0
DA:2269,0
DA:2274,1
DA:2275,1
DA:2282,1
DA:2283,1
DA:2291,1
DA:2292,1
DA:2293,1
DA:2294,1
DA:2295,1
DA:2296,1
DA:2306,1
DA:2307,1
DA:2308,1
DA:2309,0
DA:2310,0
DA:2312,1
DA:2315,0
DA:2317,1
DA:2318,1
DA:2325,1
DA:2331,1
DA:2337,1
DA:2343,1
DA:2349,1
DA:2355,1
DA:2399,9
DA:2400,6
DA:2401,6
DA:2403,6
DA:2405,5
DA:2406,0
DA:2407,5
DA:2410,6
DA:2412,3
DA:2414,3
DA:2416,0
DA:2419,3
DA:2423,3
DA:2425,3
DA:2426,3
DA:2427,3
DA:2430,3
DA:2431,1
DA:2432,0
DA:2435,2
DA:2436,1
DA:2441,3
DA:2444,0
DA:2448,6
DA:2466,2
DA:2467,2
DA:2469,2
DA:2470,2
DA:2472,2
DA:2473,2
DA:2474,2
DA:2475,2
DA:2478,2
DA:2480,2
DA:2481,0
DA:2486,2
DA:2487,2
DA:2498,9
DA:2499,0
DA:2500,0
DA:2501,0
DA:2502,0
DA:2517,9
DA:2519,4
DA:2520,4
DA:2521,4
DA:2522,3
DA:2523,3
DA:2525,2
DA:2526,6
DA:2527,6
DA:2529,0
DA:2530,0
DA:2533,6
DA:2534,2
DA:2547,9
DA:2549,4
DA:2550,4
DA:2552,4
DA:2553,4
DA:2554,4
DA:2556,2
DA:2557,2
DA:2558,2
DA:2560,0
DA:2561,0
DA:2564,2
DA:2565,2
LF:816
LH:600
BRDA:39,0,0,0
BRDA:39,0,1,0
BRDA:56,1,0,2
BRDA:56,1,1,0
BRDA:56,2,0,2
BRDA:56,2,1,0
BRDA:57,3,0,0
BRDA:57,3,1,0
BRDA:88,4,0,0
BRDA:88,4,1,0
BRDA:110,5,0,0
BRDA:110,6,0,0
BRDA:115,7,0,0
BRDA:115,7,1,0
BRDA:115,8,0,0
BRDA:115,8,1,0
BRDA:116,9,0,0
BRDA:116,9,1,0
BRDA:116,10,0,0
BRDA:116,10,1,0
BRDA:117,11,0,0
BRDA:117,11,1,0
BRDA:139,12,0,0
BRDA:139,12,1,0
BRDA:159,13,0,0
BRDA:178,14,0,0
BRDA:178,14,1,0
BRDA:179,15,0,0
BRDA:179,15,1,0
BRDA:203,16,0,0
BRDA:203,16,1,0
BRDA:203,17,0,0
BRDA:203,17,1,0
BRDA:203,18,0,0
BRDA:203,18,1,0
BRDA:213,19,0,0
BRDA:214,20,0,0
BRDA:214,20,1,4
BRDA:217,21,0,4
BRDA:217,21,1,4
BRDA:227,22,0,0
BRDA:229,23,0,0
BRDA:229,23,1,5
BRDA:230,24,0,5
BRDA:230,24,1,0
BRDA:231,25,0,0
BRDA:231,25,1,5
BRDA:233,26,0,1
BRDA:233,26,1,4
BRDA:234,27,0,1
BRDA:234,27,1,4
BRDA:235,28,0,1
BRDA:235,28,1,4
BRDA:236,29,0,1
BRDA:236,29,1,4
BRDA:237,30,0,1
BRDA:237,30,1,4
BRDA:240,31,0,5
BRDA:240,31,1,0
BRDA:254,32,0,1
BRDA:254,32,1,1
BRDA:255,33,0,0
BRDA:255,33,1,1
BRDA:267,34,0,1
BRDA:267,34,1,1
BRDA:268,35,0,0
BRDA:268,35,1,1
BRDA:279,36,0,1
BRDA:279,36,1,1
BRDA:280,37,0,0
BRDA:280,37,1,1
BRDA:291,38,0,1
BRDA:291,38,1,1
BRDA:292,39,0,0
BRDA:292,39,1,1
BRDA:303,40,0,1
BRDA:303,40,1,1
BRDA:304,41,0,0
BRDA:304,41,1,1
BRDA:315,42,0,1
BRDA:315,42,1,1
BRDA:316,43,0,0
BRDA:316,43,1,1
BRDA:316,44,0,1
BRDA:316,44,1,1
BRDA:318,45,0,0
BRDA:318,45,1,1
BRDA:319,46,0,1
BRDA:319,46,1,0
BRDA:320,47,0,0
BRDA:320,47,1,1
BRDA:323,48,0,1
BRDA:323,48,1,0
BRDA:342,49,0,2
BRDA:343,50,0,1
BRDA:343,50,1,1
BRDA:349,51,0,0
BRDA:349,51,1,1
BRDA:363,52,0,1
BRDA:364,53,0,1
BRDA:364,53,1,1
BRDA:370,54,0,1
BRDA:370,54,1,0
BRDA:390,55,0,746
BRDA:426,56,0,0
BRDA:426,57,0,0
BRDA:426,58,0,0
BRDA:429,59,0,0
BRDA:429,59,1,0
BRDA:429,60,0,0
BRDA:429,60,1,0
BRDA:430,61,0,0
BRDA:430,61,1,0
BRDA:438,62,0,0
BRDA:438,62,1,0
BRDA:438,63,0,0
BRDA:438,63,1,0
BRDA:439,64,0,0
BRDA:439,64,1,0
BRDA:462,65,0,5
BRDA:463,66,0,1
BRDA:463,66,1,5
BRDA:463,67,0,6
BRDA:463,67,1,1
BRDA:465,68,0,1
BRDA:465,68,1,2
BRDA:465,69,0,5
BRDA:465,69,1,1
BRDA:485,70,0,23
BRDA:485,71,0,283
BRDA:486,72,0,1
BRDA:486,72,1,283
BRDA:486,73,0,284
BRDA:486,73,1,1
BRDA:487,74,0,10
BRDA:487,74,1,273
BRDA:488,75,0,51
BRDA:488,75,1,222
BRDA:512,76,0,30
BRDA:515,77,0,30
BRDA:515,77,1,20
BRDA:516,78,0,20
BRDA:516,78,1,13
BRDA:524,79,0,0
BRDA:524,79,1,50
BRDA:526,80,0,4
BRDA:526,80,1,46
BRDA:528,81,0,6
BRDA:528,81,1,40
BRDA:530,82,0,1
BRDA:530,82,1,39
BRDA:530,83,0,40
BRDA:530,83,1,1
BRDA:531,84,0,4
BRDA:531,84,1,35
BRDA:533,85,0,0
BRDA:533,85,1,35
BRDA:533,86,0,35
BRDA:533,86,1,35
BRDA:535,87,0,6
BRDA:535,87,1,29
BRDA:537,88,0,6
BRDA:537,88,1,23
BRDA:537,89,0,29
BRDA:537,89,1,23
BRDA:537,90,0,6
BRDA:537,90,1,0
BRDA:539,91,0,2
BRDA:539,91,1,21
BRDA:539,92,0,23
BRDA:539,92,1,21
BRDA:539,93,0,23
BRDA:539,93,1,5
BRDA:541,94,0,5
BRDA:541,94,1,16
BRDA:541,95,0,21
BRDA:541,95,1,16
BRDA:543,96,0,6
BRDA:543,96,1,10
BRDA:543,97,0,16
BRDA:543,97,1,10
BRDA:545,98,0,0
BRDA:545,98,1,10
BRDA:545,99,0,10
BRDA:545,99,1,10
BRDA:547,100,0,10
BRDA:547,100,1,0
BRDA:547,101,0,10
BRDA:547,101,1,0
BRDA:548,102,0,3
BRDA:548,102,1,7
BRDA:552,103,0,0
BRDA:552,103,1,0
BRDA:571,104,0,32
BRDA:571,104,1,8
BRDA:591,105,0,1
BRDA:591,105,1,10
BRDA:592,106,0,1
BRDA:592,106,1,9
BRDA:593,107,0,2
BRDA:593,107,1,7
BRDA:593,108,0,9
BRDA:593,108,1,3
BRDA:594,109,0,1
BRDA:594,109,1,6
BRDA:594,110,0,7
BRDA:594,110,1,2
BRDA:596,111,0,2
BRDA:596,111,1,4
BRDA:623,112,0,1
BRDA:623,112,1,10
BRDA:624,113,0,1
BRDA:624,113,1,9
BRDA:625,114,0,1
BRDA:625,114,1,8
BRDA:625,115,0,9
BRDA:625,115,1,3
BRDA:626,116,0,1
BRDA:626,116,1,7
BRDA:626,117,0,8
BRDA:626,117,1,2
BRDA:629,118,0,2
BRDA:629,118,1,5
BRDA:651,119,0,8
BRDA:651,119,1,63
BRDA:652,120,0,7
BRDA:652,120,1,56
BRDA:653,121,0,11
BRDA:653,121,1,45
BRDA:653,122,0,56
BRDA:653,122,1,51
BRDA:655,123,0,1
BRDA:655,123,1,44
BRDA:674,124,0,4
BRDA:674,124,1,33
BRDA:689,125,0,3
BRDA:689,125,1,35
BRDA:708,126,0,1
BRDA:708,126,1,19
BRDA:724,127,0,0
BRDA:725,128,0,1
BRDA:725,128,1,2
BRDA:725,129,0,3
BRDA:725,129,1,0
BRDA:737,130,0,0
BRDA:738,131,0,2
BRDA:738,131,1,1
BRDA:738,132,0,3
BRDA:738,132,1,2
BRDA:750,133,0,0
BRDA:750,134,0,0
BRDA:752,135,0,0
BRDA:752,135,1,0
BRDA:753,136,0,0
BRDA:753,136,1,0
BRDA:753,137,0,0
BRDA:753,137,1,0
BRDA:770,138,0,0
BRDA:770,139,0,0
BRDA:770,140,0,0
BRDA:772,141,0,0
BRDA:772,141,1,0
BRDA:773,142,0,0
BRDA:773,142,1,0
BRDA:773,143,0,0
BRDA:773,143,1,0
BRDA:774,144,0,0
BRDA:774,144,1,0
BRDA:774,145,0,0
BRDA:774,145,1,0
BRDA:779,146,0,0
BRDA:779,146,1,0
BRDA:818,147,0,0
BRDA:818,148,0,0
BRDA:818,149,0,0
BRDA:832,150,0,4
BRDA:832,150,1,0
BRDA:845,151,0,2
BRDA:845,151,1,0
BRDA:859,152,0,39
BRDA:859,152,1,0
BRDA:871,153,0,9
BRDA:871,153,1,0
BRDA:871,154,0,9
BRDA:871,154,1,9
BRDA:913,155,0,0
BRDA:913,156,0,0
BRDA:913,157,0,0
BRDA:913,158,0,0
BRDA:913,159,0,0
BRDA:913,160,0,0
BRDA:913,161,0,0
BRDA:916,162,0,2
BRDA:916,162,1,0
BRDA:918,163,0,0
BRDA:918,163,1,2
BRDA:918,164,0,2
BRDA:918,164,1,2
BRDA:918,164,2,2
BRDA:924,165,0,2
BRDA:924,165,1,0
BRDA:925,166,0,2
BRDA:925,166,1,0
BRDA:929,167,0,2
BRDA:929,167,1,0
BRDA:934,168,0,0
BRDA:934,168,1,0
BRDA:947,169,0,0
BRDA:947,169,1,0
BRDA:948,170,0,0
BRDA:948,170,1,0
BRDA:966,171,0,2
BRDA:966,171,1,0
BRDA:966,172,0,2
BRDA:966,172,1,0
BRDA:966,172,2,0
BRDA:967,173,0,0
BRDA:967,173,1,0
BRDA:980,174,0,1
BRDA:980,175,0,1
BRDA:980,175,1,1
BRDA:980,176,0,2
BRDA:980,176,1,1
BRDA:980,177,0,1
BRDA:980,177,1,0
BRDA:995,178,0,5
BRDA:995,178,1,81
BRDA:997,179,0,1
BRDA:997,179,1,80
BRDA:1001,180,0,62
BRDA:1001,180,1,18
BRDA:1001,181,0,80
BRDA:1001,181,1,70
BRDA:1001,181,2,63
BRDA:1030,182,0,2
BRDA:1030,183,0,7
BRDA:1030,183,1,0
BRDA:1030,184,0,7
BRDA:1030,184,1,7
BRDA:1030,185,0,4
BRDA:1030,185,1,3
BRDA:1044,186,0,2
BRDA:1047,187,0,2
BRDA:1047,187,1,55
BRDA:1048,188,0,61
BRDA:1048,188,1,36
BRDA:1048,188,2,36
BRDA:1048,188,3,36
BRDA:1048,188,4,2
BRDA:1095,189,0,1
BRDA:1095,189,1,47
BRDA:1098,190,0,37
BRDA:1098,190,1,10
BRDA:1099,191,0,0
BRDA:1099,191,1,10
BRDA:1127,192,0,25
BRDA:1127,193,0,286
BRDA:1128,194,0,0
BRDA:1128,194,1,286
BRDA:1128,195,0,286
BRDA:1128,195,1,0
BRDA:1129,196,0,11
BRDA:1129,196,1,275
BRDA:1130,197,0,1
BRDA:1130,197,1,274
BRDA:1130,198,0,275
BRDA:1130,198,1,193
BRDA:1131,199,0,40
BRDA:1131,199,1,234
BRDA:1132,200,0,107
BRDA:1132,200,1,127
BRDA:1132,201,0,234
BRDA:1132,201,1,152
BRDA:1133,202,0,8
BRDA:1133,202,1,119
BRDA:1135,203,0,119
BRDA:1135,203,1,19
BRDA:1136,204,0,119
BRDA:1136,204,1,100
BRDA:1137,205,0,100
BRDA:1137,205,1,19
BRDA:1138,206,0,19
BRDA:1138,206,1,0
BRDA:1146,207,0,0
BRDA:1146,207,1,0
BRDA:1159,208,0,0
BRDA:1162,209,0,1
BRDA:1162,209,1,0
BRDA:1171,210,0,0
BRDA:1172,211,0,0
BRDA:1172,211,1,2
BRDA:1202,212,0,0
BRDA:1202,213,0,0
BRDA:1203,214,0,0
BRDA:1203,214,1,0
BRDA:1204,215,0,0
BRDA:1204,215,1,0
BRDA:1206,216,0,0
BRDA:1206,216,1,0
BRDA:1207,217,0,0
BRDA:1207,217,1,0
BRDA:1213,218,0,0
BRDA:1216,219,0,0
BRDA:1216,219,1,0
BRDA:1217,220,0,0
BRDA:1217,220,1,0
BRDA:1218,221,0,0
BRDA:1218,221,1,0
BRDA:1221,222,0,0
BRDA:1221,222,1,0
BRDA:1226,223,0,0
BRDA:1226,223,1,0
BRDA:1240,224,0,0
BRDA:1240,224,1,0
BRDA:1249,225,0,0
BRDA:1249,225,1,0
BRDA:1262,226,0,0
BRDA:1262,226,1,0
BRDA:1264,227,0,0
BRDA:1264,227,1,0
BRDA:1267,228,0,0
BRDA:1267,228,1,0
BRDA:1269,229,0,0
BRDA:1269,229,1,0
BRDA:1290,230,0,0
BRDA:1290,231,0,38
BRDA:1291,232,0,0
BRDA:1291,232,1,38
BRDA:1291,233,0,38
BRDA:1291,233,1,0
BRDA:1292,234,0,0
BRDA:1292,234,1,38
BRDA:1293,235,0,4
BRDA:1293,235,1,34
BRDA:1321,236,0,0
BRDA:1322,237,0,0
BRDA:1322,237,1,0
BRDA:1322,238,0,0
BRDA:1322,238,1,0
BRDA:1339,239,0,1
BRDA:1360,240,0,1
BRDA:1360,241,0,45
BRDA:1361,242,0,0
BRDA:1361,242,1,45
BRDA:1361,243,0,45
BRDA:1361,243,1,0
BRDA:1362,244,0,12
BRDA:1362,244,1,33
BRDA:1363,245,0,3
BRDA:1363,245,1,30
BRDA:1364,246,0,29
BRDA:1364,246,1,1
BRDA:1364,247,0,30
BRDA:1364,247,1,30
BRDA:1385,248,0,2
BRDA:1386,249,0,4
BRDA:1386,249,1,16
BRDA:1386,250,0,20
BRDA:1386,250,1,18
BRDA:1387,251,0,1
BRDA:1387,251,1,15
BRDA:1388,252,0,15
BRDA:1388,252,1,0
BRDA:1388,253,0,15
BRDA:1388,253,1,0
BRDA:1407,254,0,6
BRDA:1408,255,0,8
BRDA:1408,255,1,65
BRDA:1408,256,0,73
BRDA:1408,256,1,67
BRDA:1410,257,0,4
BRDA:1410,257,1,61
BRDA:1410,258,0,65
BRDA:1410,258,1,4
BRDA:1411,259,0,2
BRDA:1411,259,1,59
BRDA:1411,260,0,61
BRDA:1411,260,1,2
BRDA:1412,261,0,4
BRDA:1412,261,1,55
BRDA:1412,262,0,59
BRDA:1412,262,1,16
BRDA:1414,263,0,6
BRDA:1414,263,1,49
BRDA:1415,264,0,7
BRDA:1415,264,1,42
BRDA:1415,265,0,7
BRDA:1415,265,1,0
BRDA:1416,266,0,0
BRDA:1416,266,1,42
BRDA:1416,267,0,42
BRDA:1416,267,1,9
BRDA:1417,268,0,9
BRDA:1417,268,1,33
BRDA:1418,269,0,24
BRDA:1418,269,1,9
BRDA:1418,270,0,33
BRDA:1418,270,1,15
BRDA:1419,271,0,0
BRDA:1419,271,1,9
BRDA:1420,272,0,9
BRDA:1420,272,1,0
BRDA:1420,273,0,9
BRDA:1420,273,1,9
BRDA:1421,274,0,5
BRDA:1421,274,1,4
BRDA:1424,275,0,0
BRDA:1424,275,1,0
BRDA:1425,276,0,0
BRDA:1425,276,1,0
BRDA:1443,277,0,8
BRDA:1443,278,0,70
BRDA:1444,279,0,0
BRDA:1444,279,1,70
BRDA:1444,280,0,70
BRDA:1444,280,1,0
BRDA:1445,281,0,8
BRDA:1445,281,1,62
BRDA:1446,282,0,6
BRDA:1446,282,1,56
BRDA:1447,283,0,2
BRDA:1447,283,1,54
BRDA:1448,284,0,3
BRDA:1448,284,1,51
BRDA:1462,285,0,0
BRDA:1462,286,0,0
BRDA:1463,287,0,0
BRDA:1463,287,1,0
BRDA:1465,288,0,0
BRDA:1465,288,1,0
BRDA:1533,289,0,0
BRDA:1533,289,1,0
BRDA:1537,290,0,0
BRDA:1537,290,1,0
BRDA:1539,291,0,0
BRDA:1539,291,1,0
BRDA:1565,292,0,0
BRDA:1566,293,0,4
BRDA:1566,293,1,4
BRDA:1567,294,0,0
BRDA:1567,294,1,4
BRDA:1590,295,0,0
BRDA:1590,296,0,0
BRDA:1590,297,0,4
BRDA:1591,298,0,1
BRDA:1591,298,1,4
BRDA:1591,299,0,5
BRDA:1591,299,1,1
BRDA:1593,300,0,2
BRDA:1593,300,1,2
BRDA:1593,301,0,0
BRDA:1593,301,1,4
BRDA:1594,302,0,0
BRDA:1594,302,1,2
BRDA:1594,303,0,0
BRDA:1594,303,1,2
BRDA:1598,304,0,2
BRDA:1598,304,1,0
BRDA:1616,305,0,0
BRDA:1616,306,0,0
BRDA:1616,307,0,5
BRDA:1617,308,0,1
BRDA:1617,308,1,5
BRDA:1617,309,0,6
BRDA:1617,309,1,1
BRDA:1619,310,0,2
BRDA:1619,310,1,3
BRDA:1619,311,0,0
BRDA:1619,311,1,5
BRDA:1620,312,0,0
BRDA:1620,312,1,3
BRDA:1620,313,0,0
BRDA:1620,313,1,3
BRDA:1624,314,0,1
BRDA:1624,314,1,2
BRDA:1637,315,0,1
BRDA:1639,316,0,1
BRDA:1639,316,1,2
BRDA:1639,317,0,0
BRDA:1639,317,1,3
BRDA:1652,318,0,1
BRDA:1654,319,0,1
BRDA:1654,319,1,2
BRDA:1654,320,0,0
BRDA:1654,320,1,3
BRDA:1655,321,0,1
BRDA:1655,321,1,1
BRDA:1659,322,0,1
BRDA:1659,322,1,9
BRDA:1659,323,0,10
BRDA:1659,323,1,2
BRDA:1662,324,0,1
BRDA:1662,324,1,5
BRDA:1666,325,0,1
BRDA:1666,325,1,8
BRDA:1666,326,0,9
BRDA:1666,326,1,2
BRDA:1668,327,0,1
BRDA:1668,327,1,0
BRDA:1671,328,0,2
BRDA:1671,328,1,6
BRDA:1685,329,0,1
BRDA:1686,330,0,0
BRDA:1686,330,1,4
BRDA:1686,331,0,0
BRDA:1686,331,1,4
BRDA:1689,332,0,3
BRDA:1689,332,1,13
BRDA:1710,333,0,0
BRDA:1710,334,0,0
BRDA:1710,335,0,0
BRDA:1712,336,0,0
BRDA:1712,336,1,3
BRDA:1716,337,0,3
BRDA:1716,337,1,0
BRDA:1727,338,0,3
BRDA:1727,338,1,12
BRDA:1728,339,0,15
BRDA:1728,339,1,0
BRDA:1731,340,0,0
BRDA:1731,340,1,0
BRDA:1732,341,0,0
BRDA:1732,341,1,0
BRDA:1733,342,0,0
BRDA:1733,342,1,0
BRDA:1742,343,0,1
BRDA:1742,343,1,14
BRDA:1743,344,0,1
BRDA:1743,344,1,0
BRDA:1749,345,0,14
BRDA:1749,345,1,0
BRDA:1759,346,0,0
BRDA:1759,346,1,3
BRDA:1760,347,0,0
BRDA:1760,347,1,3
BRDA:1761,348,0,0
BRDA:1761,348,1,0
BRDA:1768,349,0,0
BRDA:1768,349,1,0
BRDA:1769,350,0,0
BRDA:1769,350,1,0
BRDA:1789,351,0,1
BRDA:1790,352,0,0
BRDA:1790,352,1,2
BRDA:1802,353,0,1
BRDA:1804,354,0,0
BRDA:1804,354,1,3
BRDA:1805,355,0,0
BRDA:1806,356,0,8
BRDA:1806,356,1,0
BRDA:1806,357,0,5
BRDA:1806,357,1,2
BRDA:1810,358,0,3
BRDA:1810,358,1,0
BRDA:1811,359,0,3
BRDA:1811,359,1,0
BRDA:1828,360,0,1
BRDA:1828,361,0,1
BRDA:1846,362,0,0
BRDA:1874,363,0,1
BRDA:1874,364,0,1
BRDA:1877,365,0,1
BRDA:1877,365,1,6
BRDA:1878,366,0,1
BRDA:1878,366,1,5
BRDA:1878,367,0,6
BRDA:1878,367,1,0
BRDA:1883,368,0,5
BRDA:1883,368,1,25
BRDA:1883,369,0,30
BRDA:1883,369,1,28
BRDA:1888,370,0,8
BRDA:1888,370,1,17
BRDA:1893,371,0,4
BRDA:1893,371,1,13
BRDA:1899,372,0,8
BRDA:1899,372,1,5
BRDA:1901,373,0,5
BRDA:1901,373,1,0
BRDA:1925,374,0,1
BRDA:1925,375,0,2
BRDA:1926,376,0,1
BRDA:1926,376,1,4
BRDA:1929,377,0,5
BRDA:1929,377,1,4
BRDA:1930,378,0,3
BRDA:1930,378,1,2
BRDA:1937,379,0,4
BRDA:1937,379,1,0
BRDA:1958,380,0,1
BRDA:1958,381,0,2
BRDA:1961,382,0,0
BRDA:1961,382,1,4
BRDA:1967,383,0,2
BRDA:1967,383,1,2
BRDA:1969,384,0,0
BRDA:1969,385,0,0
BRDA:1970,386,0,3
BRDA:1970,386,1,8
BRDA:1973,387,0,3
BRDA:1973,387,1,9
BRDA:1976,388,0,5
BRDA:1976,388,1,3
BRDA:1982,389,0,2
BRDA:1982,389,1,0
BRDA:2020,390,0,1
BRDA:2020,391,0,1
BRDA:2023,392,0,0
BRDA:2023,392,1,8
BRDA:2028,393,0,1
BRDA:2028,393,1,7
BRDA:2029,394,0,2
BRDA:2029,394,1,6
BRDA:2031,395,0,12
BRDA:2031,395,1,2
BRDA:2031,396,0,6
BRDA:2031,396,1,4
BRDA:2031,397,0,4
BRDA:2031,397,1,0
BRDA:2033,398,0,0
BRDA:2033,398,1,6
BRDA:2044,399,0,12
BRDA:2044,399,1,71
BRDA:2045,400,0,5
BRDA:2045,400,1,7
BRDA:2046,401,0,1
BRDA:2046,401,1,4
BRDA:2047,402,0,0
BRDA:2047,402,1,4
BRDA:2051,403,0,20
BRDA:2051,403,1,62
BRDA:2053,404,0,11
BRDA:2053,404,1,9
BRDA:2054,405,0,0
BRDA:2054,405,1,11
BRDA:2055,406,0,7
BRDA:2055,406,1,4
BRDA:2061,407,0,75
BRDA:2061,407,1,31
BRDA:2080,408,0,10
BRDA:2080,408,1,75
BRDA:2080,409,0,85
BRDA:2080,409,1,23
BRDA:2086,410,0,2
BRDA:2086,410,1,13
BRDA:2087,411,0,6
BRDA:2087,411,1,7
BRDA:2092,412,0,10
BRDA:2092,412,1,5
BRDA:2094,413,0,5
BRDA:2094,413,1,5
BRDA:2094,414,0,10
BRDA:2094,414,1,5
BRDA:2102,415,0,2
BRDA:2102,415,1,78
BRDA:2102,416,0,80
BRDA:2102,416,1,7
BRDA:2104,417,0,3
BRDA:2104,417,1,2
BRDA:2107,418,0,2
BRDA:2107,418,1,1
BRDA:2109,419,0,1
BRDA:2109,419,1,1
BRDA:2114,420,0,3
BRDA:2114,420,1,75
BRDA:2117,421,0,57
BRDA:2117,421,1,18
BRDA:2118,422,0,75
BRDA:2118,422,1,62
BRDA:2118,422,2,53
BRDA:2118,422,3,45
BRDA:2118,422,4,33
BRDA:2118,422,5,18
BRDA:2126,423,0,9
BRDA:2126,423,1,48
BRDA:2131,424,0,1
BRDA:2131,424,1,17
BRDA:2141,425,0,19
BRDA:2141,425,1,31
BRDA:2144,426,0,6
BRDA:2144,426,1,0
BRDA:2176,427,0,0
BRDA:2176,428,0,1
BRDA:2181,429,0,1
BRDA:2181,429,1,0
BRDA:2181,430,0,1
BRDA:2181,430,1,0
BRDA:2218,431,0,0
BRDA:2219,432,0,1
BRDA:2219,432,1,1
BRDA:2220,433,0,1
BRDA:2220,433,1,1
BRDA:2222,434,0,0
BRDA:2222,434,1,1
BRDA:2233,435,0,0
BRDA:2233,435,1,1
BRDA:2240,436,0,1
BRDA:2240,436,1,1
BRDA:2240,437,0,2
BRDA:2240,437,1,0
BRDA:2245,438,0,1
BRDA:2245,438,1,1
BRDA:2245,439,0,2
BRDA:2245,439,1,0
BRDA:2246,440,0,1
BRDA:2246,440,1,0
BRDA:2249,441,0,1
BRDA:2249,441,1,0
BRDA:2250,442,0,1
BRDA:2250,442,1,0
BRDA:2261,443,0,1
BRDA:2261,443,1,0
BRDA:2262,444,0,0
BRDA:2262,444,1,1
BRDA:2269,445,0,0
BRDA:2269,445,1,0
BRDA:2274,446,0,1
BRDA:2274,446,1,0
BRDA:2295,447,0,1
BRDA:2295,447,1,0
BRDA:2308,448,0,0
BRDA:2308,448,1,1
BRDA:2309,449,0,0
BRDA:2309,449,1,0
BRDA:2312,450,0,0
BRDA:2312,450,1,1
BRDA:2317,451,0,1
BRDA:2317,451,1,0
BRDA:2399,452,0,0
BRDA:2405,453,0,5
BRDA:2405,453,1,0
BRDA:2410,454,0,3
BRDA:2410,454,1,3
BRDA:2419,455,0,3
BRDA:2419,455,1,0
BRDA:2426,456,0,0
BRDA:2426,456,1,3
BRDA:2431,457,0,1
BRDA:2431,457,1,0
BRDA:2435,458,0,1
BRDA:2435,458,1,1
BRDA:2465,459,0,0
BRDA:2465,460,0,2
BRDA:2466,461,0,0
BRDA:2466,461,1,2
BRDA:2478,462,0,0
BRDA:2478,462,1,2
BRDA:2480,463,0,0
BRDA:2480,463,1,2
BRDA:2486,464,0,0
BRDA:2486,464,1,2
BRDA:2498,465,0,0
BRDA:2499,466,0,0
BRDA:2499,466,1,0
BRDA:2501,467,0,0
BRDA:2501,467,1,0
BRDA:2517,468,0,1
BRDA:2517,469,0,1
BRDA:2520,470,0,0
BRDA:2520,470,1,4
BRDA:2521,471,0,1
BRDA:2521,471,1,3
BRDA:2522,472,0,0
BRDA:2522,472,1,3
BRDA:2523,473,0,1
BRDA:2523,473,1,2
BRDA:2547,474,0,1
BRDA:2547,475,0,1
BRDA:2550,476,0,0
BRDA:2550,476,1,4
BRDA:2552,477,0,0
BRDA:2552,477,1,4
BRDA:2553,478,0,0
BRDA:2553,478,1,4
BRDA:2554,479,0,2
BRDA:2554,479,1,2
BRF:876
BRH:563
end_of_record
