TN:
SF:src\index.js
FNF:0
FNH:0
LF:0
LH:0
BRF:0
BRH:0
end_of_record
TN:
SF:src\x-utils.es.js
FN:18,(anonymous_0)
FN:56,(anonymous_1)
FN:70,(anonymous_2)
FN:112,(anonymous_3)
FN:161,(anonymous_4)
FN:199,(anonymous_5)
FN:217,(anonymous_6)
FN:231,(anonymous_7)
FN:234,(anonymous_8)
FN:257,(anonymous_9)
FN:270,(anonymous_10)
FN:282,(anonymous_11)
FN:294,(anonymous_12)
FN:306,(anonymous_13)
FN:318,(anonymous_14)
FN:323,(anonymous_15)
FN:346,(anonymous_16)
FN:367,(anonymous_17)
FN:394,(anonymous_18)
FN:407,(anonymous_19)
FN:430,(anonymous_20)
FN:430,(anonymous_21)
FN:466,(anonymous_22)
FN:489,(anonymous_23)
FN:516,(anonymous_24)
FN:518,(anonymous_25)
FN:523,(anonymous_26)
FN:574,(anonymous_27)
FN:594,(anonymous_28)
FN:626,(anonymous_29)
FN:654,(anonymous_30)
FN:677,(anonymous_31)
FN:692,(anonymous_32)
FN:711,(anonymous_33)
FN:728,(anonymous_34)
FN:741,(anonymous_35)
FN:754,(anonymous_36)
FN:754,(anonymous_37)
FN:758,(anonymous_38)
FN:774,(anonymous_39)
FN:774,(anonymous_40)
FN:781,(anonymous_41)
FN:819,(anonymous_42)
FN:822,(anonymous_43)
FN:822,(anonymous_44)
FN:822,(anonymous_45)
FN:822,(anonymous_46)
FN:833,(anonymous_47)
FN:846,(anonymous_48)
FN:861,(anonymous_49)
FN:867,(anonymous_50)
FN:917,(anonymous_51)
FN:917,(anonymous_52)
FN:919,(anonymous_53)
FN:932,(anonymous_54)
FN:959,(anonymous_55)
FN:960,(anonymous_56)
FN:964,(anonymous_57)
FN:984,(anonymous_58)
FN:998,(anonymous_59)
FN:1014,(anonymous_60)
FN:1034,(anonymous_61)
FN:1048,(anonymous_62)
FN:1077,(anonymous_63)
FN:1098,(anonymous_64)
FN:1131,(anonymous_65)
FN:1163,(anonymous_66)
FN:1165,(anonymous_67)
FN:1175,(anonymous_68)
FN:1206,(anonymous_69)
FN:1217,(anonymous_70)
FN:1267,(anonymous_71)
FN:1268,(anonymous_72)
FN:1294,(anonymous_73)
FN:1325,(anonymous_74)
FN:1343,(anonymous_75)
FN:1364,(anonymous_76)
FN:1389,(anonymous_77)
FN:1411,(anonymous_78)
FN:1447,(anonymous_79)
FN:1466,(anonymous_80)
FN:1468,(anonymous_81)
FN:1492,(anonymous_82)
FN:1517,(anonymous_83)
FN:1535,(anonymous_84)
FN:1538,(anonymous_85)
FN:1542,(anonymous_86)
FN:1569,(anonymous_87)
FN:1572,(anonymous_88)
FN:1573,(anonymous_89)
FN:1594,(anonymous_90)
FN:1602,(anonymous_91)
FN:1602,(anonymous_92)
FN:1603,(anonymous_93)
FN:1603,(anonymous_94)
FN:1620,(anonymous_95)
FN:1628,(anonymous_96)
FN:1628,(anonymous_97)
FN:1629,(anonymous_98)
FN:1629,(anonymous_99)
FN:1641,(anonymous_100)
FN:1644,(anonymous_101)
FN:1656,(anonymous_102)
FN:1660,(anonymous_103)
FN:1664,(anonymous_104)
FN:1668,(anonymous_105)
FN:1671,(anonymous_106)
FN:1677,(anonymous_107)
FN:1689,(anonymous_108)
FN:1692,(anonymous_109)
FN:1714,(anonymous_110)
FN:1714,(anonymous_111)
FN:1719,(anonymous_112)
FN:1724,(anonymous_113)
FN:1736,(anonymous_114)
FN:1740,(anonymous_115)
FN:1783,(anonymous_116)
FN:1796,(anonymous_117)
FN:1799,test
FN:1800,(anonymous_119)
FN:1822,(anonymous_120)
FN:1823,(anonymous_121)
FN:1840,(anonymous_122)
FN:1868,(anonymous_123)
FN:1892,(anonymous_124)
FN:1919,(anonymous_125)
FN:1921,(anonymous_126)
FN:1930,(anonymous_127)
FN:1930,(anonymous_128)
FN:1952,(anonymous_129)
FN:1963,(anonymous_130)
FN:1966,(anonymous_131)
FN:1975,(anonymous_132)
FN:2014,(anonymous_133)
FN:2025,(anonymous_134)
FN:2025,(anonymous_135)
FN:2034,(anonymous_136)
FN:2067,(anonymous_137)
FN:2077,(anonymous_138)
FN:2098,(anonymous_139)
FN:2098,(anonymous_140)
FN:2134,(anonymous_141)
FN:2170,(anonymous_142)
FN:2172,Dispatcher
FN:2190,(anonymous_144)
FN:2200,(anonymous_145)
FN:2212,(anonymous_146)
FN:2226,(anonymous_147)
FN:2229,(anonymous_148)
FN:2233,(anonymous_149)
FN:2276,(anonymous_150)
FN:2285,(anonymous_151)
FN:2300,(anonymous_152)
FN:2393,(anonymous_153)
FN:2393,(anonymous_154)
FN:2395,(anonymous_155)
FN:2397,(anonymous_156)
FN:2417,(anonymous_157)
FN:2419,(anonymous_158)
FN:2424,(anonymous_159)
FN:2427,(anonymous_160)
FN:2459,xrequire
FN:2461,(anonymous_162)
FN:2466,(anonymous_163)
FN:2492,(anonymous_164)
FN:2494,(anonymous_165)
FN:2511,(anonymous_166)
FN:2519,(anonymous_167)
FN:2527,(anonymous_168)
FN:2541,(anonymous_169)
FN:2550,(anonymous_170)
FNF:171
FNH:149
FNDA:2,(anonymous_0)
FNDA:2,(anonymous_1)
FNDA:2,(anonymous_2)
FNDA:3,(anonymous_3)
FNDA:13,(anonymous_4)
FNDA:20,(anonymous_5)
FNDA:4,(anonymous_6)
FNDA:5,(anonymous_7)
FNDA:5,(anonymous_8)
FNDA:5,(anonymous_9)
FNDA:2,(anonymous_10)
FNDA:2,(anonymous_11)
FNDA:2,(anonymous_12)
FNDA:2,(anonymous_13)
FNDA:3,(anonymous_14)
FNDA:1,(anonymous_15)
FNDA:2,(anonymous_16)
FNDA:2,(anonymous_17)
FNDA:814,(anonymous_18)
FNDA:675,(anonymous_19)
FNDA:5,(anonymous_20)
FNDA:0,(anonymous_21)
FNDA:6,(anonymous_22)
FNDA:287,(anonymous_23)
FNDA:52,(anonymous_24)
FNDA:52,(anonymous_25)
FNDA:115,(anonymous_26)
FNDA:30,(anonymous_27)
FNDA:11,(anonymous_28)
FNDA:11,(anonymous_29)
FNDA:71,(anonymous_30)
FNDA:37,(anonymous_31)
FNDA:38,(anonymous_32)
FNDA:20,(anonymous_33)
FNDA:3,(anonymous_34)
FNDA:3,(anonymous_35)
FNDA:3,(anonymous_36)
FNDA:0,(anonymous_37)
FNDA:2,(anonymous_38)
FNDA:4,(anonymous_39)
FNDA:0,(anonymous_40)
FNDA:4,(anonymous_41)
FNDA:10,(anonymous_42)
FNDA:29,(anonymous_43)
FNDA:0,(anonymous_44)
FNDA:0,(anonymous_45)
FNDA:0,(anonymous_46)
FNDA:4,(anonymous_47)
FNDA:4,(anonymous_48)
FNDA:15,(anonymous_49)
FNDA:10,(anonymous_50)
FNDA:3,(anonymous_51)
FNDA:0,(anonymous_52)
FNDA:2,(anonymous_53)
FNDA:4,(anonymous_54)
FNDA:2,(anonymous_55)
FNDA:1,(anonymous_56)
FNDA:1,(anonymous_57)
FNDA:2,(anonymous_58)
FNDA:86,(anonymous_59)
FNDA:0,(anonymous_60)
FNDA:7,(anonymous_61)
FNDA:33,(anonymous_62)
FNDA:25,(anonymous_63)
FNDA:19,(anonymous_64)
FNDA:296,(anonymous_65)
FNDA:1,(anonymous_66)
FNDA:13,(anonymous_67)
FNDA:2,(anonymous_68)
FNDA:0,(anonymous_69)
FNDA:0,(anonymous_70)
FNDA:0,(anonymous_71)
FNDA:0,(anonymous_72)
FNDA:38,(anonymous_73)
FNDA:0,(anonymous_74)
FNDA:9,(anonymous_75)
FNDA:45,(anonymous_76)
FNDA:20,(anonymous_77)
FNDA:73,(anonymous_78)
FNDA:70,(anonymous_79)
FNDA:5,(anonymous_80)
FNDA:6,(anonymous_81)
FNDA:4,(anonymous_82)
FNDA:2,(anonymous_83)
FNDA:3,(anonymous_84)
FNDA:0,(anonymous_85)
FNDA:4,(anonymous_86)
FNDA:10,(anonymous_87)
FNDA:10,(anonymous_88)
FNDA:10,(anonymous_89)
FNDA:5,(anonymous_90)
FNDA:6,(anonymous_91)
FNDA:18,(anonymous_92)
FNDA:0,(anonymous_93)
FNDA:0,(anonymous_94)
FNDA:6,(anonymous_95)
FNDA:3,(anonymous_96)
FNDA:9,(anonymous_97)
FNDA:5,(anonymous_98)
FNDA:6,(anonymous_99)
FNDA:3,(anonymous_100)
FNDA:13,(anonymous_101)
FNDA:3,(anonymous_102)
FNDA:10,(anonymous_103)
FNDA:6,(anonymous_104)
FNDA:6,(anonymous_105)
FNDA:1,(anonymous_106)
FNDA:10,(anonymous_107)
FNDA:4,(anonymous_108)
FNDA:16,(anonymous_109)
FNDA:3,(anonymous_110)
FNDA:0,(anonymous_111)
FNDA:3,(anonymous_112)
FNDA:10,(anonymous_113)
FNDA:10,(anonymous_114)
FNDA:0,(anonymous_115)
FNDA:2,(anonymous_116)
FNDA:3,(anonymous_117)
FNDA:8,test
FNDA:7,(anonymous_119)
FNDA:3,(anonymous_120)
FNDA:7,(anonymous_121)
FNDA:3,(anonymous_122)
FNDA:7,(anonymous_123)
FNDA:9,(anonymous_124)
FNDA:5,(anonymous_125)
FNDA:9,(anonymous_126)
FNDA:9,(anonymous_127)
FNDA:9,(anonymous_128)
FNDA:4,(anonymous_129)
FNDA:11,(anonymous_130)
FNDA:12,(anonymous_131)
FNDA:11,(anonymous_132)
FNDA:8,(anonymous_133)
FNDA:12,(anonymous_134)
FNDA:6,(anonymous_135)
FNDA:83,(anonymous_136)
FNDA:50,(anonymous_137)
FNDA:15,(anonymous_138)
FNDA:2,(anonymous_139)
FNDA:3,(anonymous_140)
FNDA:50,(anonymous_141)
FNDA:1,(anonymous_142)
FNDA:1,Dispatcher
FNDA:1,(anonymous_144)
FNDA:1,(anonymous_145)
FNDA:2,(anonymous_146)
FNDA:1,(anonymous_147)
FNDA:1,(anonymous_148)
FNDA:2,(anonymous_149)
FNDA:1,(anonymous_150)
FNDA:1,(anonymous_151)
FNDA:1,(anonymous_152)
FNDA:6,(anonymous_153)
FNDA:0,(anonymous_154)
FNDA:6,(anonymous_155)
FNDA:5,(anonymous_156)
FNDA:3,(anonymous_157)
FNDA:3,(anonymous_158)
FNDA:1,(anonymous_159)
FNDA:2,(anonymous_160)
FNDA:2,xrequire
FNDA:0,(anonymous_162)
FNDA:2,(anonymous_163)
FNDA:0,(anonymous_164)
FNDA:0,(anonymous_165)
FNDA:4,(anonymous_166)
FNDA:6,(anonymous_167)
FNDA:6,(anonymous_168)
FNDA:4,(anonymous_169)
FNDA:2,(anonymous_170)
DA:18,10
DA:19,2
DA:37,0
DA:39,0
DA:40,0
DA:43,0
DA:49,0
DA:53,0
DA:56,10
DA:57,2
DA:58,2
DA:59,0
DA:61,0
DA:70,10
DA:71,2
DA:89,0
DA:90,0
DA:91,0
DA:93,0
DA:98,0
DA:103,0
DA:112,10
DA:114,3
DA:115,3
DA:117,3
DA:118,3
DA:119,3
DA:121,3
DA:139,0
DA:141,0
DA:142,0
DA:144,0
DA:148,0
DA:152,0
DA:161,10
DA:163,13
DA:179,0
DA:181,0
DA:182,0
DA:183,0
DA:185,0
DA:191,0
DA:199,10
DA:200,20
DA:206,0
DA:207,0
DA:211,0
DA:217,10
DA:218,4
DA:219,4
DA:220,4
DA:221,4
DA:223,0
DA:231,10
DA:233,5
DA:234,5
DA:235,5
DA:237,5
DA:238,5
DA:239,5
DA:240,5
DA:241,5
DA:243,5
DA:244,5
DA:245,5
DA:249,0
DA:257,10
DA:258,5
DA:259,1
DA:261,1
DA:270,10
DA:271,2
DA:272,1
DA:274,1
DA:282,10
DA:283,2
DA:284,1
DA:286,1
DA:294,10
DA:295,2
DA:296,1
DA:298,1
DA:306,10
DA:307,2
DA:308,1
DA:310,1
DA:318,10
DA:319,3
DA:320,1
DA:322,1
DA:323,1
DA:324,1
DA:326,1
DA:327,1
DA:328,1
DA:329,1
DA:330,1
DA:336,0
DA:337,0
DA:346,10
DA:347,2
DA:348,1
DA:349,1
DA:350,1
DA:351,1
DA:352,1
DA:353,1
DA:354,1
DA:355,1
DA:367,10
DA:368,2
DA:369,1
DA:370,1
DA:371,1
DA:372,1
DA:373,1
DA:374,1
DA:375,0
DA:376,1
DA:383,10
DA:394,814
DA:407,10
DA:408,675
DA:409,675
DA:411,0
DA:430,10
DA:431,5
DA:432,5
DA:433,5
DA:434,3
DA:435,3
DA:436,3
DA:438,8
DA:441,8
DA:442,8
DA:443,1
DA:449,7
DA:452,3
DA:466,10
DA:467,6
DA:468,5
DA:469,5
DA:470,2
DA:472,2
DA:489,10
DA:490,287
DA:491,286
DA:492,276
DA:516,10
DA:518,52
DA:519,52
DA:520,20
DA:523,52
DA:524,115
DA:527,52
DA:528,52
DA:530,52
DA:532,46
DA:534,40
DA:535,39
DA:537,35
DA:539,35
DA:541,29
DA:543,23
DA:545,21
DA:547,16
DA:549,10
DA:551,10
DA:552,10
DA:553,7
DA:556,0
DA:557,0
DA:559,0
DA:560,0
DA:574,10
DA:575,30
DA:594,10
DA:595,11
DA:596,10
DA:597,9
DA:598,7
DA:599,6
DA:600,6
DA:601,2
DA:607,4
DA:626,10
DA:627,11
DA:628,10
DA:629,9
DA:630,8
DA:632,7
DA:633,7
DA:634,2
DA:639,5
DA:654,10
DA:655,71
DA:656,63
DA:657,56
DA:658,45
DA:659,45
DA:660,1
DA:665,44
DA:677,10
DA:678,37
DA:679,33
DA:692,10
DA:693,38
DA:694,35
DA:711,10
DA:712,20
DA:713,19
DA:728,10
DA:729,3
DA:730,2
DA:741,10
DA:742,3
DA:754,10
DA:755,3
DA:756,3
DA:757,2
DA:758,2
DA:759,2
DA:760,2
DA:774,10
DA:775,4
DA:776,4
DA:777,3
DA:778,3
DA:780,3
DA:781,3
DA:782,4
DA:783,4
DA:784,2
DA:819,10
DA:824,29
DA:835,4
DA:836,4
DA:837,0
DA:838,4
DA:848,4
DA:849,4
DA:850,0
DA:851,4
DA:862,15
DA:863,15
DA:867,10
DA:868,10
DA:869,10
DA:873,10
DA:875,10
DA:877,10
DA:878,0
DA:917,10
DA:919,3
DA:920,3
DA:922,3
DA:923,1
DA:924,1
DA:928,2
DA:929,2
DA:931,2
DA:932,2
DA:933,4
DA:935,0
DA:938,4
DA:939,1
DA:941,1
DA:942,1
DA:943,1
DA:946,0
DA:949,1
DA:951,3
DA:952,3
DA:953,0
DA:956,3
DA:959,2
DA:960,2
DA:962,1
DA:963,1
DA:965,1
DA:966,1
DA:970,2
DA:971,0
DA:972,0
DA:984,10
DA:998,10
DA:999,86
DA:1000,81
DA:1001,81
DA:1005,80
DA:1014,10
DA:1015,0
DA:1016,0
DA:1018,0
DA:1034,10
DA:1048,10
DA:1050,33
DA:1051,33
DA:1059,2
DA:1064,31
DA:1077,10
DA:1078,25
DA:1079,25
DA:1081,4
DA:1098,10
DA:1099,19
DA:1101,18
DA:1102,18
DA:1103,11
DA:1107,11
DA:1131,10
DA:1132,296
DA:1133,296
DA:1134,285
DA:1135,284
DA:1136,244
DA:1137,134
DA:1139,126
DA:1140,126
DA:1141,126
DA:1142,22
DA:1143,22
DA:1144,22
DA:1146,0
DA:1150,0
DA:1151,0
DA:1163,10
DA:1164,1
DA:1165,13
DA:1166,1
DA:1175,10
DA:1176,2
DA:1177,2
DA:1178,4
DA:1179,4
DA:1180,4
DA:1181,4
DA:1183,2
DA:1206,10
DA:1207,0
DA:1208,0
DA:1210,0
DA:1211,0
DA:1212,0
DA:1214,0
DA:1217,0
DA:1218,0
DA:1220,0
DA:1221,0
DA:1222,0
DA:1224,0
DA:1225,0
DA:1226,0
DA:1227,0
DA:1228,0
DA:1230,0
DA:1231,0
DA:1235,0
DA:1238,0
DA:1241,0
DA:1242,0
DA:1244,0
DA:1246,0
DA:1247,0
DA:1251,0
DA:1252,0
DA:1253,0
DA:1254,0
DA:1255,0
DA:1256,0
DA:1266,0
DA:1267,0
DA:1268,0
DA:1271,0
DA:1272,0
DA:1273,0
DA:1276,0
DA:1294,10
DA:1295,38
DA:1296,38
DA:1297,38
DA:1298,34
DA:1307,10
DA:1325,10
DA:1326,0
DA:1327,0
DA:1328,0
DA:1330,0
DA:1343,10
DA:1344,9
DA:1345,9
DA:1347,0
DA:1364,10
DA:1365,45
DA:1366,45
DA:1367,33
DA:1368,30
DA:1369,29
DA:1370,29
DA:1372,0
DA:1375,1
DA:1389,10
DA:1390,20
DA:1391,16
DA:1392,15
DA:1411,10
DA:1412,73
DA:1413,8
DA:1414,65
DA:1415,61
DA:1416,59
DA:1418,55
DA:1419,49
DA:1420,42
DA:1421,42
DA:1422,33
DA:1423,9
DA:1424,9
DA:1425,9
DA:1426,4
DA:1428,0
DA:1429,0
DA:1430,0
DA:1447,10
DA:1448,70
DA:1449,70
DA:1450,62
DA:1451,56
DA:1452,54
DA:1466,10
DA:1467,5
DA:1468,5
DA:1469,6
DA:1470,6
DA:1473,5
DA:1474,5
DA:1476,0
DA:1492,10
DA:1493,4
DA:1494,4
DA:1496,1
DA:1517,10
DA:1518,2
DA:1519,2
DA:1521,0
DA:1535,10
DA:1537,3
DA:1538,0
DA:1541,3
DA:1542,2
DA:1543,4
DA:1544,4
DA:1545,4
DA:1548,1
DA:1549,1
DA:1551,1
DA:1569,10
DA:1570,10
DA:1571,10
DA:1572,10
DA:1573,10
DA:1574,10
DA:1575,10
DA:1594,10
DA:1595,5
DA:1597,4
DA:1598,2
DA:1600,2
DA:1601,2
DA:1602,18
DA:1603,0
DA:1620,10
DA:1621,6
DA:1623,5
DA:1624,3
DA:1626,3
DA:1627,3
DA:1628,9
DA:1629,6
DA:1641,10
DA:1643,3
DA:1644,13
DA:1656,10
DA:1658,3
DA:1659,2
DA:1660,1
DA:1661,10
DA:1663,10
DA:1664,1
DA:1666,6
DA:1667,5
DA:1668,6
DA:1670,9
DA:1671,1
DA:1672,1
DA:1673,1
DA:1675,8
DA:1676,6
DA:1677,10
DA:1689,10
DA:1690,4
DA:1692,4
DA:1693,16
DA:1694,16
DA:1714,10
DA:1715,3
DA:1716,3
DA:1717,0
DA:1719,3
DA:1720,3
DA:1721,3
DA:1722,3
DA:1724,3
DA:1725,10
DA:1726,10
DA:1728,1
DA:1729,1
DA:1730,0
DA:1731,0
DA:1732,1
DA:1736,3
DA:1737,10
DA:1740,10
DA:1741,0
DA:1744,10
DA:1745,1
DA:1746,1
DA:1747,1
DA:1750,9
DA:1751,9
DA:1753,9
DA:1755,9
DA:1756,9
DA:1757,3
DA:1758,3
DA:1763,0
DA:1764,0
DA:1765,0
DA:1766,0
DA:1767,0
DA:1768,0
DA:1783,10
DA:1784,2
DA:1785,2
DA:1796,10
DA:1797,3
DA:1798,3
DA:1800,8
DA:1803,3
DA:1804,3
DA:1805,3
DA:1806,0
DA:1808,0
DA:1822,10
DA:1823,3
DA:1824,7
DA:1840,10
DA:1841,3
DA:1842,3
DA:1843,3
DA:1844,4
DA:1845,4
DA:1847,3
DA:1868,10
DA:1869,7
DA:1870,7
DA:1871,7
DA:1872,6
DA:1874,5
DA:1875,30
DA:1877,30
DA:1878,5
DA:1879,5
DA:1882,25
DA:1883,8
DA:1884,8
DA:1887,17
DA:1888,4
DA:1889,4
DA:1892,13
DA:1893,13
DA:1895,5
DA:1896,5
DA:1897,5
DA:1902,5
DA:1919,10
DA:1920,5
DA:1921,4
DA:1923,9
DA:1924,5
DA:1925,2
DA:1926,4
DA:1929,4
DA:1930,9
DA:1931,4
DA:1933,0
DA:1952,10
DA:1953,4
DA:1954,4
DA:1955,4
DA:1957,0
DA:1959,4
DA:1961,4
DA:1963,2
DA:1964,11
DA:1966,8
DA:1967,12
DA:1968,12
DA:1970,8
DA:1971,3
DA:1974,2
DA:1975,11
DA:1976,2
DA:1978,0
DA:2014,10
DA:2015,8
DA:2016,8
DA:2017,8
DA:2019,0
DA:2022,8
DA:2023,8
DA:2024,6
DA:2025,12
DA:2027,6
DA:2034,6
DA:2038,83
DA:2039,12
DA:2040,5
DA:2041,4
DA:2045,82
DA:2047,20
DA:2048,11
DA:2049,11
DA:2053,75
DA:2055,75
DA:2058,9
DA:2067,6
DA:2071,50
DA:2072,85
DA:2074,85
DA:2076,10
DA:2077,10
DA:2079,15
DA:2080,15
DA:2081,13
DA:2082,6
DA:2086,10
DA:2088,10
DA:2089,5
DA:2090,5
DA:2096,80
DA:2098,3
DA:2101,2
DA:2103,2
DA:2104,1
DA:2105,1
DA:2108,78
DA:2109,3
DA:2110,3
DA:2111,75
DA:2120,57
DA:2121,9
DA:2122,9
DA:2125,18
DA:2126,1
DA:2127,1
DA:2131,50
DA:2133,6
DA:2134,6
DA:2135,50
DA:2136,50
DA:2138,6
DA:2139,0
DA:2141,0
DA:2142,0
DA:2170,10
DA:2174,1
DA:2175,1
DA:2176,1
DA:2177,1
DA:2178,1
DA:2179,1
DA:2180,1
DA:2181,1
DA:2182,1
DA:2190,1
DA:2191,1
DA:2192,1
DA:2200,1
DA:2201,1
DA:2202,1
DA:2203,1
DA:2212,1
DA:2213,2
DA:2214,2
DA:2216,1
DA:2218,2
DA:2226,1
DA:2227,1
DA:2228,1
DA:2229,1
DA:2230,1
DA:2231,1
DA:2233,1
DA:2234,2
DA:2239,2
DA:2240,1
DA:2243,1
DA:2244,1
DA:2245,1
DA:2246,1
DA:2247,1
DA:2252,1
DA:2255,1
DA:2256,1
DA:2257,0
DA:2258,0
DA:2259,0
DA:2263,0
DA:2268,1
DA:2269,1
DA:2276,1
DA:2277,1
DA:2285,1
DA:2286,1
DA:2287,1
DA:2288,1
DA:2289,1
DA:2290,1
DA:2300,1
DA:2301,1
DA:2302,1
DA:2303,0
DA:2304,0
DA:2306,1
DA:2309,0
DA:2311,1
DA:2312,1
DA:2319,1
DA:2325,1
DA:2331,1
DA:2337,1
DA:2343,1
DA:2349,1
DA:2393,10
DA:2394,6
DA:2395,6
DA:2397,6
DA:2399,5
DA:2400,0
DA:2401,5
DA:2404,6
DA:2406,3
DA:2408,3
DA:2410,0
DA:2413,3
DA:2417,3
DA:2419,3
DA:2420,3
DA:2421,3
DA:2424,3
DA:2425,1
DA:2426,0
DA:2429,2
DA:2430,1
DA:2435,3
DA:2438,0
DA:2442,6
DA:2460,2
DA:2461,2
DA:2463,2
DA:2464,2
DA:2466,2
DA:2467,2
DA:2468,2
DA:2469,2
DA:2472,2
DA:2474,2
DA:2475,0
DA:2480,2
DA:2481,2
DA:2492,10
DA:2493,0
DA:2494,0
DA:2495,0
DA:2496,0
DA:2511,10
DA:2513,4
DA:2514,4
DA:2515,4
DA:2516,3
DA:2517,3
DA:2519,2
DA:2520,6
DA:2521,6
DA:2523,0
DA:2524,0
DA:2527,6
DA:2528,2
DA:2541,10
DA:2543,4
DA:2544,4
DA:2546,4
DA:2547,4
DA:2548,4
DA:2550,2
DA:2551,2
DA:2552,2
DA:2554,0
DA:2555,0
DA:2558,2
DA:2559,2
LF:812
LH:669
BRDA:39,0,0,0
BRDA:39,0,1,0
BRDA:58,1,0,2
BRDA:58,1,1,0
BRDA:58,2,0,2
BRDA:58,2,1,0
BRDA:59,3,0,0
BRDA:59,3,1,0
BRDA:90,4,0,0
BRDA:90,4,1,0
BRDA:112,5,0,0
BRDA:112,6,0,0
BRDA:117,7,0,0
BRDA:117,7,1,3
BRDA:117,8,0,3
BRDA:117,8,1,3
BRDA:118,9,0,0
BRDA:118,9,1,3
BRDA:118,10,0,3
BRDA:118,10,1,3
BRDA:119,11,0,0
BRDA:119,11,1,3
BRDA:141,12,0,0
BRDA:141,12,1,0
BRDA:161,13,0,0
BRDA:181,14,0,0
BRDA:181,14,1,0
BRDA:182,15,0,0
BRDA:182,15,1,0
BRDA:183,16,0,0
BRDA:183,16,1,0
BRDA:207,17,0,0
BRDA:207,17,1,0
BRDA:207,18,0,0
BRDA:207,18,1,0
BRDA:207,19,0,0
BRDA:207,19,1,0
BRDA:217,20,0,0
BRDA:218,21,0,0
BRDA:218,21,1,4
BRDA:221,22,0,4
BRDA:221,22,1,4
BRDA:231,23,0,0
BRDA:233,24,0,0
BRDA:233,24,1,5
BRDA:234,25,0,5
BRDA:234,25,1,0
BRDA:235,26,0,0
BRDA:235,26,1,5
BRDA:237,27,0,1
BRDA:237,27,1,4
BRDA:238,28,0,1
BRDA:238,28,1,4
BRDA:239,29,0,1
BRDA:239,29,1,4
BRDA:240,30,0,1
BRDA:240,30,1,4
BRDA:241,31,0,1
BRDA:241,31,1,4
BRDA:244,32,0,5
BRDA:244,32,1,0
BRDA:258,33,0,4
BRDA:258,33,1,1
BRDA:259,34,0,0
BRDA:259,34,1,1
BRDA:271,35,0,1
BRDA:271,35,1,1
BRDA:272,36,0,0
BRDA:272,36,1,1
BRDA:283,37,0,1
BRDA:283,37,1,1
BRDA:284,38,0,0
BRDA:284,38,1,1
BRDA:295,39,0,1
BRDA:295,39,1,1
BRDA:296,40,0,0
BRDA:296,40,1,1
BRDA:307,41,0,1
BRDA:307,41,1,1
BRDA:308,42,0,0
BRDA:308,42,1,1
BRDA:319,43,0,2
BRDA:319,43,1,1
BRDA:320,44,0,0
BRDA:320,44,1,1
BRDA:320,45,0,1
BRDA:320,45,1,1
BRDA:322,46,0,0
BRDA:322,46,1,1
BRDA:323,47,0,1
BRDA:323,47,1,0
BRDA:324,48,0,0
BRDA:324,48,1,1
BRDA:327,49,0,1
BRDA:327,49,1,0
BRDA:346,50,0,2
BRDA:347,51,0,1
BRDA:347,51,1,1
BRDA:353,52,0,0
BRDA:353,52,1,1
BRDA:367,53,0,1
BRDA:368,54,0,1
BRDA:368,54,1,1
BRDA:374,55,0,1
BRDA:374,55,1,0
BRDA:394,56,0,759
BRDA:430,57,0,0
BRDA:430,58,0,0
BRDA:430,59,0,0
BRDA:433,60,0,2
BRDA:433,60,1,3
BRDA:433,61,0,5
BRDA:433,61,1,3
BRDA:434,62,0,0
BRDA:434,62,1,3
BRDA:442,63,0,1
BRDA:442,63,1,7
BRDA:442,64,0,8
BRDA:442,64,1,5
BRDA:443,65,0,1
BRDA:443,65,1,0
BRDA:466,66,0,5
BRDA:467,67,0,1
BRDA:467,67,1,5
BRDA:467,68,0,6
BRDA:467,68,1,1
BRDA:469,69,0,1
BRDA:469,69,1,2
BRDA:469,70,0,5
BRDA:469,70,1,1
BRDA:489,71,0,24
BRDA:489,72,0,286
BRDA:490,73,0,1
BRDA:490,73,1,286
BRDA:490,74,0,287
BRDA:490,74,1,1
BRDA:491,75,0,10
BRDA:491,75,1,276
BRDA:492,76,0,52
BRDA:492,76,1,224
BRDA:516,77,0,32
BRDA:519,78,0,32
BRDA:519,78,1,20
BRDA:520,79,0,20
BRDA:520,79,1,13
BRDA:528,80,0,0
BRDA:528,80,1,52
BRDA:530,81,0,6
BRDA:530,81,1,46
BRDA:532,82,0,6
BRDA:532,82,1,40
BRDA:534,83,0,1
BRDA:534,83,1,39
BRDA:534,84,0,40
BRDA:534,84,1,1
BRDA:535,85,0,4
BRDA:535,85,1,35
BRDA:537,86,0,0
BRDA:537,86,1,35
BRDA:537,87,0,35
BRDA:537,87,1,35
BRDA:539,88,0,6
BRDA:539,88,1,29
BRDA:541,89,0,6
BRDA:541,89,1,23
BRDA:541,90,0,29
BRDA:541,90,1,23
BRDA:541,91,0,6
BRDA:541,91,1,0
BRDA:543,92,0,2
BRDA:543,92,1,21
BRDA:543,93,0,23
BRDA:543,93,1,21
BRDA:543,94,0,23
BRDA:543,94,1,5
BRDA:545,95,0,5
BRDA:545,95,1,16
BRDA:545,96,0,21
BRDA:545,96,1,16
BRDA:547,97,0,6
BRDA:547,97,1,10
BRDA:547,98,0,16
BRDA:547,98,1,10
BRDA:549,99,0,0
BRDA:549,99,1,10
BRDA:549,100,0,10
BRDA:549,100,1,10
BRDA:551,101,0,10
BRDA:551,101,1,0
BRDA:551,102,0,10
BRDA:551,102,1,0
BRDA:552,103,0,3
BRDA:552,103,1,7
BRDA:556,104,0,0
BRDA:556,104,1,0
BRDA:575,105,0,30
BRDA:575,105,1,8
BRDA:595,106,0,1
BRDA:595,106,1,10
BRDA:596,107,0,1
BRDA:596,107,1,9
BRDA:597,108,0,2
BRDA:597,108,1,7
BRDA:597,109,0,9
BRDA:597,109,1,3
BRDA:598,110,0,1
BRDA:598,110,1,6
BRDA:598,111,0,7
BRDA:598,111,1,2
BRDA:600,112,0,2
BRDA:600,112,1,4
BRDA:627,113,0,1
BRDA:627,113,1,10
BRDA:628,114,0,1
BRDA:628,114,1,9
BRDA:629,115,0,1
BRDA:629,115,1,8
BRDA:629,116,0,9
BRDA:629,116,1,3
BRDA:630,117,0,1
BRDA:630,117,1,7
BRDA:630,118,0,8
BRDA:630,118,1,2
BRDA:633,119,0,2
BRDA:633,119,1,5
BRDA:655,120,0,8
BRDA:655,120,1,63
BRDA:656,121,0,7
BRDA:656,121,1,56
BRDA:657,122,0,11
BRDA:657,122,1,45
BRDA:657,123,0,56
BRDA:657,123,1,51
BRDA:659,124,0,1
BRDA:659,124,1,44
BRDA:678,125,0,4
BRDA:678,125,1,33
BRDA:693,126,0,3
BRDA:693,126,1,35
BRDA:712,127,0,1
BRDA:712,127,1,19
BRDA:728,128,0,0
BRDA:729,129,0,1
BRDA:729,129,1,2
BRDA:729,130,0,3
BRDA:729,130,1,0
BRDA:741,131,0,0
BRDA:742,132,0,2
BRDA:742,132,1,1
BRDA:742,133,0,3
BRDA:742,133,1,2
BRDA:754,134,0,0
BRDA:754,135,0,1
BRDA:756,136,0,1
BRDA:756,136,1,2
BRDA:757,137,0,1
BRDA:757,137,1,1
BRDA:757,138,0,2
BRDA:757,138,1,1
BRDA:774,139,0,0
BRDA:774,140,0,2
BRDA:774,141,0,2
BRDA:776,142,0,1
BRDA:776,142,1,3
BRDA:777,143,0,2
BRDA:777,143,1,1
BRDA:777,144,0,3
BRDA:777,144,1,2
BRDA:778,145,0,2
BRDA:778,145,1,1
BRDA:778,146,0,3
BRDA:778,146,1,2
BRDA:783,147,0,2
BRDA:783,147,1,2
BRDA:822,148,0,0
BRDA:822,149,0,0
BRDA:822,150,0,0
BRDA:836,151,0,4
BRDA:836,151,1,0
BRDA:849,152,0,4
BRDA:849,152,1,0
BRDA:863,153,0,15
BRDA:863,153,1,0
BRDA:875,154,0,10
BRDA:875,154,1,0
BRDA:875,155,0,10
BRDA:875,155,1,10
BRDA:917,156,0,0
BRDA:917,157,0,0
BRDA:917,158,0,0
BRDA:917,159,0,0
BRDA:917,160,0,0
BRDA:917,161,0,0
BRDA:917,162,0,0
BRDA:920,163,0,3
BRDA:920,163,1,1
BRDA:922,164,0,1
BRDA:922,164,1,2
BRDA:922,165,0,3
BRDA:922,165,1,2
BRDA:922,165,2,2
BRDA:928,166,0,2
BRDA:928,166,1,0
BRDA:929,167,0,2
BRDA:929,167,1,0
BRDA:933,168,0,0
BRDA:933,168,1,4
BRDA:938,169,0,1
BRDA:938,169,1,3
BRDA:951,170,0,3
BRDA:951,170,1,0
BRDA:952,171,0,3
BRDA:952,171,1,0
BRDA:970,172,0,2
BRDA:970,172,1,0
BRDA:970,173,0,2
BRDA:970,173,1,0
BRDA:970,173,2,0
BRDA:971,174,0,0
BRDA:971,174,1,0
BRDA:984,175,0,1
BRDA:984,176,0,1
BRDA:984,176,1,1
BRDA:984,177,0,2
BRDA:984,177,1,1
BRDA:984,178,0,1
BRDA:984,178,1,0
BRDA:999,179,0,5
BRDA:999,179,1,81
BRDA:1001,180,0,1
BRDA:1001,180,1,80
BRDA:1005,181,0,62
BRDA:1005,181,1,18
BRDA:1005,182,0,80
BRDA:1005,182,1,70
BRDA:1005,182,2,63
BRDA:1034,183,0,2
BRDA:1034,184,0,7
BRDA:1034,184,1,0
BRDA:1034,185,0,7
BRDA:1034,185,1,7
BRDA:1034,186,0,4
BRDA:1034,186,1,3
BRDA:1048,187,0,2
BRDA:1051,188,0,2
BRDA:1051,188,1,27
BRDA:1052,189,0,33
BRDA:1052,189,1,6
BRDA:1052,189,2,6
BRDA:1052,189,3,6
BRDA:1052,189,4,2
BRDA:1099,190,0,1
BRDA:1099,190,1,18
BRDA:1102,191,0,7
BRDA:1102,191,1,11
BRDA:1103,192,0,0
BRDA:1103,192,1,11
BRDA:1131,193,0,26
BRDA:1131,194,0,296
BRDA:1132,195,0,0
BRDA:1132,195,1,296
BRDA:1132,196,0,296
BRDA:1132,196,1,0
BRDA:1133,197,0,11
BRDA:1133,197,1,285
BRDA:1134,198,0,1
BRDA:1134,198,1,284
BRDA:1134,199,0,285
BRDA:1134,199,1,201
BRDA:1135,200,0,40
BRDA:1135,200,1,244
BRDA:1136,201,0,110
BRDA:1136,201,1,134
BRDA:1136,202,0,244
BRDA:1136,202,1,160
BRDA:1137,203,0,8
BRDA:1137,203,1,126
BRDA:1139,204,0,126
BRDA:1139,204,1,22
BRDA:1140,205,0,126
BRDA:1140,205,1,104
BRDA:1141,206,0,104
BRDA:1141,206,1,22
BRDA:1142,207,0,22
BRDA:1142,207,1,0
BRDA:1150,208,0,0
BRDA:1150,208,1,0
BRDA:1163,209,0,0
BRDA:1166,210,0,1
BRDA:1166,210,1,0
BRDA:1175,211,0,0
BRDA:1176,212,0,0
BRDA:1176,212,1,2
BRDA:1206,213,0,0
BRDA:1206,214,0,0
BRDA:1207,215,0,0
BRDA:1207,215,1,0
BRDA:1208,216,0,0
BRDA:1208,216,1,0
BRDA:1210,217,0,0
BRDA:1210,217,1,0
BRDA:1211,218,0,0
BRDA:1211,218,1,0
BRDA:1217,219,0,0
BRDA:1220,220,0,0
BRDA:1220,220,1,0
BRDA:1221,221,0,0
BRDA:1221,221,1,0
BRDA:1222,222,0,0
BRDA:1222,222,1,0
BRDA:1225,223,0,0
BRDA:1225,223,1,0
BRDA:1230,224,0,0
BRDA:1230,224,1,0
BRDA:1244,225,0,0
BRDA:1244,225,1,0
BRDA:1253,226,0,0
BRDA:1253,226,1,0
BRDA:1266,227,0,0
BRDA:1266,227,1,0
BRDA:1268,228,0,0
BRDA:1268,228,1,0
BRDA:1271,229,0,0
BRDA:1271,229,1,0
BRDA:1273,230,0,0
BRDA:1273,230,1,0
BRDA:1294,231,0,0
BRDA:1294,232,0,38
BRDA:1295,233,0,0
BRDA:1295,233,1,38
BRDA:1295,234,0,38
BRDA:1295,234,1,0
BRDA:1296,235,0,0
BRDA:1296,235,1,38
BRDA:1297,236,0,4
BRDA:1297,236,1,34
BRDA:1325,237,0,0
BRDA:1326,238,0,0
BRDA:1326,238,1,0
BRDA:1326,239,0,0
BRDA:1326,239,1,0
BRDA:1343,240,0,1
BRDA:1364,241,0,1
BRDA:1364,242,0,45
BRDA:1365,243,0,0
BRDA:1365,243,1,45
BRDA:1365,244,0,45
BRDA:1365,244,1,0
BRDA:1366,245,0,12
BRDA:1366,245,1,33
BRDA:1367,246,0,3
BRDA:1367,246,1,30
BRDA:1368,247,0,29
BRDA:1368,247,1,1
BRDA:1368,248,0,30
BRDA:1368,248,1,30
BRDA:1389,249,0,2
BRDA:1390,250,0,4
BRDA:1390,250,1,16
BRDA:1390,251,0,20
BRDA:1390,251,1,18
BRDA:1391,252,0,1
BRDA:1391,252,1,15
BRDA:1392,253,0,15
BRDA:1392,253,1,0
BRDA:1392,254,0,15
BRDA:1392,254,1,0
BRDA:1411,255,0,6
BRDA:1412,256,0,8
BRDA:1412,256,1,65
BRDA:1412,257,0,73
BRDA:1412,257,1,67
BRDA:1414,258,0,4
BRDA:1414,258,1,61
BRDA:1414,259,0,65
BRDA:1414,259,1,4
BRDA:1415,260,0,2
BRDA:1415,260,1,59
BRDA:1415,261,0,61
BRDA:1415,261,1,2
BRDA:1416,262,0,4
BRDA:1416,262,1,55
BRDA:1416,263,0,59
BRDA:1416,263,1,16
BRDA:1418,264,0,6
BRDA:1418,264,1,49
BRDA:1419,265,0,7
BRDA:1419,265,1,42
BRDA:1419,266,0,7
BRDA:1419,266,1,0
BRDA:1420,267,0,0
BRDA:1420,267,1,42
BRDA:1420,268,0,42
BRDA:1420,268,1,9
BRDA:1421,269,0,9
BRDA:1421,269,1,33
BRDA:1422,270,0,24
BRDA:1422,270,1,9
BRDA:1422,271,0,33
BRDA:1422,271,1,15
BRDA:1423,272,0,0
BRDA:1423,272,1,9
BRDA:1424,273,0,9
BRDA:1424,273,1,0
BRDA:1424,274,0,9
BRDA:1424,274,1,9
BRDA:1425,275,0,5
BRDA:1425,275,1,4
BRDA:1428,276,0,0
BRDA:1428,276,1,0
BRDA:1429,277,0,0
BRDA:1429,277,1,0
BRDA:1447,278,0,8
BRDA:1447,279,0,70
BRDA:1448,280,0,0
BRDA:1448,280,1,70
BRDA:1448,281,0,70
BRDA:1448,281,1,0
BRDA:1449,282,0,8
BRDA:1449,282,1,62
BRDA:1450,283,0,6
BRDA:1450,283,1,56
BRDA:1451,284,0,2
BRDA:1451,284,1,54
BRDA:1452,285,0,3
BRDA:1452,285,1,51
BRDA:1466,286,0,1
BRDA:1466,287,0,2
BRDA:1467,288,0,0
BRDA:1467,288,1,5
BRDA:1469,289,0,6
BRDA:1469,289,1,0
BRDA:1537,290,0,0
BRDA:1537,290,1,3
BRDA:1541,291,0,2
BRDA:1541,291,1,1
BRDA:1543,292,0,0
BRDA:1543,292,1,4
BRDA:1569,293,0,0
BRDA:1570,294,0,10
BRDA:1570,294,1,10
BRDA:1571,295,0,0
BRDA:1571,295,1,10
BRDA:1594,296,0,0
BRDA:1594,297,0,0
BRDA:1594,298,0,4
BRDA:1595,299,0,1
BRDA:1595,299,1,4
BRDA:1595,300,0,5
BRDA:1595,300,1,1
BRDA:1597,301,0,2
BRDA:1597,301,1,2
BRDA:1597,302,0,0
BRDA:1597,302,1,4
BRDA:1598,303,0,0
BRDA:1598,303,1,2
BRDA:1598,304,0,0
BRDA:1598,304,1,2
BRDA:1602,305,0,2
BRDA:1602,305,1,0
BRDA:1620,306,0,0
BRDA:1620,307,0,0
BRDA:1620,308,0,5
BRDA:1621,309,0,1
BRDA:1621,309,1,5
BRDA:1621,310,0,6
BRDA:1621,310,1,1
BRDA:1623,311,0,2
BRDA:1623,311,1,3
BRDA:1623,312,0,0
BRDA:1623,312,1,5
BRDA:1624,313,0,0
BRDA:1624,313,1,3
BRDA:1624,314,0,0
BRDA:1624,314,1,3
BRDA:1628,315,0,1
BRDA:1628,315,1,2
BRDA:1641,316,0,1
BRDA:1643,317,0,1
BRDA:1643,317,1,2
BRDA:1643,318,0,0
BRDA:1643,318,1,3
BRDA:1656,319,0,1
BRDA:1658,320,0,1
BRDA:1658,320,1,2
BRDA:1658,321,0,0
BRDA:1658,321,1,3
BRDA:1659,322,0,1
BRDA:1659,322,1,1
BRDA:1663,323,0,1
BRDA:1663,323,1,9
BRDA:1663,324,0,10
BRDA:1663,324,1,2
BRDA:1666,325,0,1
BRDA:1666,325,1,5
BRDA:1670,326,0,1
BRDA:1670,326,1,8
BRDA:1670,327,0,9
BRDA:1670,327,1,2
BRDA:1672,328,0,1
BRDA:1672,328,1,0
BRDA:1675,329,0,2
BRDA:1675,329,1,6
BRDA:1689,330,0,1
BRDA:1690,331,0,0
BRDA:1690,331,1,4
BRDA:1690,332,0,0
BRDA:1690,332,1,4
BRDA:1693,333,0,3
BRDA:1693,333,1,13
BRDA:1714,334,0,0
BRDA:1714,335,0,0
BRDA:1714,336,0,0
BRDA:1716,337,0,0
BRDA:1716,337,1,3
BRDA:1720,338,0,3
BRDA:1720,338,1,0
BRDA:1728,339,0,0
BRDA:1728,339,1,1
BRDA:1729,340,0,0
BRDA:1729,340,1,1
BRDA:1730,341,0,0
BRDA:1730,341,1,0
BRDA:1744,342,0,1
BRDA:1744,342,1,9
BRDA:1745,343,0,0
BRDA:1745,343,1,1
BRDA:1745,344,0,1
BRDA:1745,344,1,0
BRDA:1756,345,0,3
BRDA:1756,345,1,6
BRDA:1763,346,0,0
BRDA:1763,346,1,0
BRDA:1764,347,0,0
BRDA:1764,347,1,0
BRDA:1765,348,0,0
BRDA:1765,348,1,0
BRDA:1783,349,0,1
BRDA:1784,350,0,0
BRDA:1784,350,1,2
BRDA:1796,351,0,1
BRDA:1798,352,0,0
BRDA:1798,352,1,3
BRDA:1799,353,0,0
BRDA:1800,354,0,8
BRDA:1800,354,1,0
BRDA:1800,355,0,5
BRDA:1800,355,1,2
BRDA:1804,356,0,3
BRDA:1804,356,1,0
BRDA:1805,357,0,3
BRDA:1805,357,1,0
BRDA:1822,358,0,1
BRDA:1822,359,0,1
BRDA:1840,360,0,1
BRDA:1868,361,0,1
BRDA:1868,362,0,1
BRDA:1871,363,0,1
BRDA:1871,363,1,6
BRDA:1872,364,0,1
BRDA:1872,364,1,5
BRDA:1872,365,0,6
BRDA:1872,365,1,0
BRDA:1877,366,0,5
BRDA:1877,366,1,25
BRDA:1877,367,0,30
BRDA:1877,367,1,28
BRDA:1882,368,0,8
BRDA:1882,368,1,17
BRDA:1887,369,0,4
BRDA:1887,369,1,13
BRDA:1893,370,0,8
BRDA:1893,370,1,5
BRDA:1895,371,0,5
BRDA:1895,371,1,0
BRDA:1919,372,0,1
BRDA:1919,373,0,2
BRDA:1920,374,0,1
BRDA:1920,374,1,4
BRDA:1923,375,0,5
BRDA:1923,375,1,4
BRDA:1924,376,0,3
BRDA:1924,376,1,2
BRDA:1931,377,0,4
BRDA:1931,377,1,0
BRDA:1952,378,0,1
BRDA:1952,379,0,2
BRDA:1955,380,0,0
BRDA:1955,380,1,4
BRDA:1961,381,0,2
BRDA:1961,381,1,2
BRDA:1963,382,0,0
BRDA:1963,383,0,0
BRDA:1964,384,0,3
BRDA:1964,384,1,8
BRDA:1967,385,0,3
BRDA:1967,385,1,9
BRDA:1970,386,0,5
BRDA:1970,386,1,3
BRDA:1976,387,0,2
BRDA:1976,387,1,0
BRDA:2014,388,0,1
BRDA:2014,389,0,1
BRDA:2017,390,0,0
BRDA:2017,390,1,8
BRDA:2022,391,0,1
BRDA:2022,391,1,7
BRDA:2023,392,0,2
BRDA:2023,392,1,6
BRDA:2025,393,0,12
BRDA:2025,393,1,2
BRDA:2025,394,0,6
BRDA:2025,394,1,4
BRDA:2025,395,0,4
BRDA:2025,395,1,0
BRDA:2027,396,0,0
BRDA:2027,396,1,6
BRDA:2038,397,0,12
BRDA:2038,397,1,71
BRDA:2039,398,0,5
BRDA:2039,398,1,7
BRDA:2040,399,0,1
BRDA:2040,399,1,4
BRDA:2041,400,0,0
BRDA:2041,400,1,4
BRDA:2045,401,0,20
BRDA:2045,401,1,62
BRDA:2047,402,0,11
BRDA:2047,402,1,9
BRDA:2048,403,0,0
BRDA:2048,403,1,11
BRDA:2049,404,0,7
BRDA:2049,404,1,4
BRDA:2055,405,0,75
BRDA:2055,405,1,31
BRDA:2074,406,0,10
BRDA:2074,406,1,75
BRDA:2074,407,0,85
BRDA:2074,407,1,23
BRDA:2080,408,0,2
BRDA:2080,408,1,13
BRDA:2081,409,0,6
BRDA:2081,409,1,7
BRDA:2086,410,0,10
BRDA:2086,410,1,5
BRDA:2088,411,0,5
BRDA:2088,411,1,5
BRDA:2088,412,0,10
BRDA:2088,412,1,5
BRDA:2096,413,0,2
BRDA:2096,413,1,78
BRDA:2096,414,0,80
BRDA:2096,414,1,7
BRDA:2098,415,0,3
BRDA:2098,415,1,2
BRDA:2101,416,0,2
BRDA:2101,416,1,1
BRDA:2103,417,0,1
BRDA:2103,417,1,1
BRDA:2108,418,0,3
BRDA:2108,418,1,75
BRDA:2111,419,0,57
BRDA:2111,419,1,18
BRDA:2112,420,0,75
BRDA:2112,420,1,62
BRDA:2112,420,2,53
BRDA:2112,420,3,45
BRDA:2112,420,4,33
BRDA:2112,420,5,18
BRDA:2120,421,0,9
BRDA:2120,421,1,48
BRDA:2125,422,0,1
BRDA:2125,422,1,17
BRDA:2135,423,0,19
BRDA:2135,423,1,31
BRDA:2138,424,0,6
BRDA:2138,424,1,0
BRDA:2170,425,0,0
BRDA:2170,426,0,1
BRDA:2175,427,0,1
BRDA:2175,427,1,0
BRDA:2175,428,0,1
BRDA:2175,428,1,0
BRDA:2212,429,0,0
BRDA:2213,430,0,1
BRDA:2213,430,1,1
BRDA:2214,431,0,1
BRDA:2214,431,1,1
BRDA:2216,432,0,0
BRDA:2216,432,1,1
BRDA:2227,433,0,0
BRDA:2227,433,1,1
BRDA:2234,434,0,1
BRDA:2234,434,1,1
BRDA:2234,435,0,2
BRDA:2234,435,1,0
BRDA:2239,436,0,1
BRDA:2239,436,1,1
BRDA:2239,437,0,2
BRDA:2239,437,1,0
BRDA:2240,438,0,1
BRDA:2240,438,1,0
BRDA:2243,439,0,1
BRDA:2243,439,1,0
BRDA:2244,440,0,1
BRDA:2244,440,1,0
BRDA:2255,441,0,1
BRDA:2255,441,1,0
BRDA:2256,442,0,0
BRDA:2256,442,1,1
BRDA:2263,443,0,0
BRDA:2263,443,1,0
BRDA:2268,444,0,1
BRDA:2268,444,1,0
BRDA:2289,445,0,1
BRDA:2289,445,1,0
BRDA:2302,446,0,0
BRDA:2302,446,1,1
BRDA:2303,447,0,0
BRDA:2303,447,1,0
BRDA:2306,448,0,0
BRDA:2306,448,1,1
BRDA:2311,449,0,1
BRDA:2311,449,1,0
BRDA:2393,450,0,0
BRDA:2399,451,0,5
BRDA:2399,451,1,0
BRDA:2404,452,0,3
BRDA:2404,452,1,3
BRDA:2413,453,0,3
BRDA:2413,453,1,0
BRDA:2420,454,0,0
BRDA:2420,454,1,3
BRDA:2425,455,0,1
BRDA:2425,455,1,0
BRDA:2429,456,0,1
BRDA:2429,456,1,1
BRDA:2459,457,0,0
BRDA:2459,458,0,2
BRDA:2460,459,0,0
BRDA:2460,459,1,2
BRDA:2472,460,0,0
BRDA:2472,460,1,2
BRDA:2474,461,0,0
BRDA:2474,461,1,2
BRDA:2480,462,0,0
BRDA:2480,462,1,2
BRDA:2492,463,0,0
BRDA:2493,464,0,0
BRDA:2493,464,1,0
BRDA:2495,465,0,0
BRDA:2495,465,1,0
BRDA:2511,466,0,1
BRDA:2511,467,0,1
BRDA:2514,468,0,0
BRDA:2514,468,1,4
BRDA:2515,469,0,1
BRDA:2515,469,1,3
BRDA:2516,470,0,0
BRDA:2516,470,1,3
BRDA:2517,471,0,1
BRDA:2517,471,1,2
BRDA:2541,472,0,1
BRDA:2541,473,0,1
BRDA:2544,474,0,0
BRDA:2544,474,1,4
BRDA:2546,475,0,0
BRDA:2546,475,1,4
BRDA:2547,476,0,0
BRDA:2547,476,1,4
BRDA:2548,477,0,2
BRDA:2548,477,1,2
BRF:872
BRH:615
end_of_record
